./emu.sh
Trezor^emu profile name: /var/tmp
Trezor^emu profile directory: /var/tmp
Trezor^emu log file: /var/tmp/trezor.log
Trezor^emu UDP port: 21324
Trezor^emu path: udp:127.0.0.1:21324
Trezor^emu src: /Users/dusanklinec/workspace/trezor-firmware/core/src
Starting emulator: /Users/dusanklinec/workspace/trezor-firmware/core/build/unix/micropython -O0 -X heapsize=20M  /Users/dusanklinec/workspace/trezor-firmware/core/src/main.py
1575404079896155 [35mtrezor.loop[0m [32mDEBUG[0m finish: <generator object 'bootscreen' at 1028fd640>
1575404079915646 [35mtrezor.workflow[0m [32mDEBUG[0m start default: <generator object 'homescreen' at 102915c60>
1575404085060426 [35mtrezor.wire[0m [32mDEBUG[0m 0:0 receive: <class 'Initialize'>
1575404085060535 [35mtrezor.workflow[0m [32mDEBUG[0m start: <generator object 'handle_Initialize' at 1029182c0>
1575404085060758 [35mtrezor.workflow[0m [32mDEBUG[0m close: <generator object 'handle_Initialize' at 1029182c0>
1575404085060858 [35mtrezor.workflow[0m [32mDEBUG[0m default already started
1575404085060894 [35mtrezor.wire[0m [32mDEBUG[0m 0:0 write: <Features>
1575404085157897 [35mtrezor.wire[0m [32mDEBUG[0m 0:0 receive: <class 'WipeDevice'>
1575404085158978 [35mtrezor.workflow[0m [32mDEBUG[0m start: <generator object 'wipe_device' at 1028c3580>
1575404085159938 [35mtrezor.wire[0m [32mDEBUG[0m 0:0 write: <ButtonRequest>
1575404085173296 [35mtrezor.wire[0m [32mDEBUG[0m 0:0 expect: <class 'ButtonAck'>
1575404085190371 [35mtrezor.wire[0m [32mDEBUG[0m 0:0 read: <class 'ButtonAck'>
1575404085227216 [35mtrezor.wire[0m [32mDEBUG[0m 1:0 receive: <class 'DebugLinkDecision'>
1575404085227425 [35mtrezor.workflow[0m [32mDEBUG[0m start: <generator object 'dispatch_DebugLinkDecision' at 1028d1800>
1575404085227480 [35mtrezor.workflow[0m [32mDEBUG[0m close: <generator object 'dispatch_DebugLinkDecision' at 1028d1800>
1575404085274188 [35mtrezor.wire[0m [32mDEBUG[0m 0:0 expect: ()
1575404085373511 [35mtrezor.loop[0m [32mDEBUG[0m ui.Cancelled
1575404085389834 [35mtrezor.loop[0m [32mDEBUG[0m finish: <generator object 'take' at 1028cb4a0>
1575404085423387 [35mtrezor.loop[0m [32mDEBUG[0m ui.Cancelled
1575404085423420 [35mtrezor.workflow[0m [32mDEBUG[0m default closed: <generator object 'homescreen' at 102915c60>
1575404085423530 [35mtrezor.loop[0m [32mDEBUG[0m finish: <generator object '__iter__' at 1028ccae0>
1575404085606507 [35mtrezor.workflow[0m [32mDEBUG[0m close: <generator object 'wipe_device' at 1028c3580>
1575404085606537 [35mtrezor.workflow[0m [32mDEBUG[0m start default: <generator object 'homescreen' at 1028cd4e0>
1575404086150230 [35mtrezor.wire[0m [32mDEBUG[0m 0:0 write: <Success>
1575404086164218 [35mtrezor.wire[0m [32mDEBUG[0m 0:0 receive: <class 'Initialize'>
1575404086164386 [35mtrezor.workflow[0m [32mDEBUG[0m start: <generator object 'handle_Initialize' at 1028c3920>
1575404086164649 [35mtrezor.workflow[0m [32mDEBUG[0m close: <generator object 'handle_Initialize' at 1028c3920>
1575404086164763 [35mtrezor.workflow[0m [32mDEBUG[0m default already started
1575404086164864 [35mtrezor.wire[0m [32mDEBUG[0m 0:0 write: <Features>
1575404086208997 [35mtrezor.wire[0m [32mDEBUG[0m 0:0 receive: <class 'LoadDevice'>
1575404086258777 [35mtrezor.workflow[0m [32mDEBUG[0m start: <generator object 'load_device' at 1028df380>
1575404086259334 [35mtrezor.wire[0m [32mDEBUG[0m 0:0 write: <ButtonRequest>
1575404086274986 [35mtrezor.wire[0m [32mDEBUG[0m 0:0 expect: <class 'ButtonAck'>
1575404086307689 [35mtrezor.wire[0m [32mDEBUG[0m 0:0 read: <class 'ButtonAck'>
1575404086325126 [35mtrezor.wire[0m [32mDEBUG[0m 1:0 receive: <class 'DebugLinkDecision'>
1575404086325246 [35mtrezor.workflow[0m [32mDEBUG[0m start: <generator object 'dispatch_DebugLinkDecision' at 1028e7de0>
1575404086325273 [35mtrezor.workflow[0m [32mDEBUG[0m close: <generator object 'dispatch_DebugLinkDecision' at 1028e7de0>
1575404086357816 [35mtrezor.wire[0m [32mDEBUG[0m 0:0 expect: ()
1575404086440321 [35mtrezor.loop[0m [32mDEBUG[0m ui.Cancelled
1575404086444086 [35mtrezor.loop[0m [32mDEBUG[0m finish: <generator object 'take' at 1028e2e20>
1575404086457103 [35mtrezor.loop[0m [32mDEBUG[0m ui.Cancelled
1575404086457195 [35mtrezor.workflow[0m [32mDEBUG[0m default closed: <generator object 'homescreen' at 1028cd4e0>
1575404086457351 [35mtrezor.loop[0m [32mDEBUG[0m finish: <generator object '__iter__' at 1028e4240>
1575404086457651 [35mtrezor.workflow[0m [32mDEBUG[0m close: <generator object 'load_device' at 1028df380>
1575404086457686 [35mtrezor.workflow[0m [32mDEBUG[0m start default: <generator object 'homescreen' at 1028cb9a0>
1575404086975622 [35mtrezor.wire[0m [32mDEBUG[0m 0:0 write: <Success>
1575404086990819 [35mtrezor.wire[0m [32mDEBUG[0m 0:0 receive: <class 'Initialize'>
1575404086991015 [35mtrezor.workflow[0m [32mDEBUG[0m start: <generator object 'handle_Initialize' at 1028c2f20>
1575404086991279 [35mtrezor.workflow[0m [32mDEBUG[0m close: <generator object 'handle_Initialize' at 1028c2f20>
1575404086991321 [35mtrezor.workflow[0m [32mDEBUG[0m default already started
1575404086991357 [35mtrezor.wire[0m [32mDEBUG[0m 0:0 write: <Features>
1575404087044346 [35mtrezor.wire[0m [32mDEBUG[0m 0:0 receive: <class 'DebugMoneroDiagRequest'>
1575404087054468 [35mtrezor.workflow[0m [32mDEBUG[0m start: <generator object 'diag' at 1028df380>
1575404087054505 [35mapps.monero.diag[0m [32mDEBUG[0m ----diagnostics
1575404087067874 [35mapps.monero.diag[0m [32mDEBUG[0m ======= 0  Diff: -4128 Free: 20433120 Allocated: 295456
mem: total=1671738, current=574254, peak=603598
stack: 2320 out of 120000
GC: total: 20728576, used: 296288, free: 20432288
 No. of 1-blocks: 2248, 2-blocks: 432, max blk sz: 321, max free sz: 635908
1575404087161047 [35mapps.monero.diag[0m [32mDEBUG[0m ======= 1 BP Imported Diff: 76320 Free: 20356800 Allocated: 371776
mem: total=2135770, current=665702, peak=942054
stack: 2320 out of 120000
GC: total: 20728576, used: 372704, free: 20355872
 No. of 1-blocks: 2836, 2-blocks: 682, max blk sz: 321, max free sz: 626635
1575404087184490 [35mapps.monero.diag[0m [32mDEBUG[0m ======= 2 Crypto Imported Diff: 0 Free: 20356800 Allocated: 371776
mem: total=2136762, current=666462, peak=942054
stack: 2320 out of 120000
GC: total: 20728576, used: 372704, free: 20355872
 No. of 1-blocks: 2836, 2-blocks: 682, max blk sz: 321, max free sz: 626635
1575404087209961 [35mapps.monero.diag[0m [32mDEBUG[0m ======= 3 +++BP START: 0; 1 Diff: 96 Free: 20356704 Allocated: 371872
mem: total=2137874, current=667326, peak=942054
stack: 2320 out of 120000
GC: total: 20728576, used: 372896, free: 20355680
 No. of 1-blocks: 2841, 2-blocks: 682, max blk sz: 321, max free sz: 626635
1575404087267002 [35mapps.monero.diag[0m [32mDEBUG[0m Log trace BP START, ... F: 20356928 A: 371648, S: 2416
1575404087320280 [35mapps.monero.diag[0m [32mDEBUG[0m Log trace 11, ... F: 20351424 A: 377152, S: 3600
1575404087365561 [35mapps.monero.diag[0m [32mDEBUG[0m Log trace 12, ... F: 20350272 A: 378304, S: 3600
1575404087379390 [35mapps.monero.diag[0m [32mDEBUG[0m Log trace 13, ... F: 20349728 A: 378848, S: 3600
1575404087397375 [35mapps.monero.diag[0m [32mDEBUG[0m Log trace 14, ... F: 20348352 A: 380224, S: 3600
1575404087430938 [35mapps.monero.diag[0m [32mDEBUG[0m Log trace 16, ... F: 20347616 A: 380960, S: 3600
Phase1_lr, state: 0, off: 0, MN: 64
1575404087441032 [35mapps.monero.diag[0m [32mDEBUG[0m Log trace 2, ... F: 20346656 A: 381920, S: 3904
1575404087456298 [35mapps.monero.diag[0m [32mDEBUG[0m Log trace 3, ... F: 20346048 A: 382528, S: 3904
1575404087472747 [35mapps.monero.diag[0m [32mDEBUG[0m Log trace 4, ... F: 20344736 A: 383840, S: 3904
1575404087482948 [35mapps.monero.diag[0m [32mDEBUG[0m Log trace 5, ... F: 20344704 A: 383872, S: 3904
Unknown type:  l1.prng , v <prng> , tp <class 'prng'>
Unknown type:  r1.fnc[0, <class 'KeyVPrngMask'>].prng , v <prng> , tp <class 'prng'>
!!!!!!!!!!!!!!!!Dump finished:  1847 : r:  12149
 .. round : 8
 .. S : 64
 .. A : 64
 .. V.current_idx : 8
 .. V.size : 8
 .. V.d : 64
 .. V.mv : 0
 .. V.const : 8
 .. V.cur : 64
 .. V.chunked : 8
 .. V : 384
 .. M : 8
 .. x : 64
 .. y : 64
 .. gamma[0, <class 'bytes'>] : 64
 .. gamma : 128
 .. off_method : 8
 .. nprime_thresh : 8
 .. off2_thresh : 8
 .. batching : 8
 .. T1 : 64
 .. T2 : 64
 .. z : 64
 .. l0.current_idx : 8
 .. l0.size : 8
 .. l0.fnc[0, <class 'KeyVEval'>].current_idx : 8
 .. l0.fnc[0, <class 'KeyVEval'>].size : 8
 .. l0.fnc[0, <class 'KeyVEval'>].fnc[0, <class 'list'>][0, <class 'bytes'>] : 64
 .. l0.fnc[0, <class 'KeyVEval'>].fnc[0, <class 'list'>] : 128
 .. l0.fnc[0, <class 'KeyVEval'>].fnc : 168
 .. l0.fnc[0, <class 'KeyVEval'>].raw : 8
 .. l0.fnc[0, <class 'KeyVEval'>].scalar : 8
 .. l0.fnc[0, <class 'KeyVEval'>].buff : 64
 .. l0.fnc[0, <class 'KeyVEval'>] : 456
 .. l0.fnc[1, <class 'Sc25519'>] : 48
 .. l0.fnc : 560
 .. l0.raw : 8
 .. l0.scalar : 8
 .. l0.buff : 64
 .. l0 : 848
 .. r0.current_idx : 8
 .. r0.size : 8
 .. r0.N : 8
 .. r0.aR.current_idx : 8
 .. r0.aR.size : 8
 .. r0.aR.fnc : 40
 .. r0.aR.raw : 8
 .. r0.aR.scalar : 8
 .. r0.aR.buff : 64
 .. r0.aR : 328
 .. r0.raw : 8
 .. r0.y : 48
 .. r0.yp : 48
 .. r0.z : 48
 .. r0.zt : 48
 .. r0.p2 : 48
 .. r0.res : 48
 .. r0.cur : 64
 .. r0.last_idx : 8
 .. r0 : 1088
 .. l1.current_idx : 8
 .. l1.size : 8
 .. l1.raw : 8
 .. l1.sc : 48
 .. l1.cur : 64
 .. l1.seed : 64
 .. l1.allow_nonlinear : 8
 .. l1.last_idx : 8
 .. l1 : 472
 .. r1.current_idx : 8
 .. r1.size : 8
 .. r1.fnc[0, <class 'KeyVPrngMask'>].current_idx : 8
 .. r1.fnc[0, <class 'KeyVPrngMask'>].size : 8
 .. r1.fnc[0, <class 'KeyVPrngMask'>].raw : 8
 .. r1.fnc[0, <class 'KeyVPrngMask'>].sc : 48
 .. r1.fnc[0, <class 'KeyVPrngMask'>].cur : 64
 .. r1.fnc[0, <class 'KeyVPrngMask'>].seed : 64
 .. r1.fnc[0, <class 'KeyVPrngMask'>].allow_nonlinear : 8
 .. r1.fnc[0, <class 'KeyVPrngMask'>].last_idx : 8
 .. r1.fnc[0, <class 'KeyVPrngMask'>] : 472
 .. r1.fnc[1, <class 'KeyVPowers'>].current_idx : 8
 .. r1.fnc[1, <class 'KeyVPowers'>].size : 8
 .. r1.fnc[1, <class 'KeyVPowers'>].x : 48
 .. r1.fnc[1, <class 'KeyVPowers'>].raw : 8
 .. r1.fnc[1, <class 'KeyVPowers'>].cur : 48
 .. r1.fnc[1, <class 'KeyVPowers'>].last_idx : 8
 .. r1.fnc[1, <class 'KeyVPowers'>] : 320
 .. r1.fnc : 848
 .. r1.raw : 8
 .. r1.scalar : 8
 .. r1.buff : 64
 .. r1 : 1136
 .. hash_cache : 64
 .. proof_sec : 64
 .. MN : 8
 .. logMN : 8
 .. tau1 : 64
 .. tau2 : 64
 .. ts : 48
 .. rho : 64
 .. alpha : 64
 .. Gprec2.current_idx : 8
 .. Gprec2.size : 8
 .. Gprec2.precomp_prefix.current_idx : 8
 .. Gprec2.precomp_prefix.size : 8
 .. Gprec2.precomp_prefix.mv : 32
 .. Gprec2.precomp_prefix.const : 8
 .. Gprec2.precomp_prefix.cur : 64
 .. Gprec2.precomp_prefix.chunked : 8
 .. Gprec2.precomp_prefix : 352
 .. Gprec2.aux_comp_fnc : 0
 .. Gprec2.buff : 64
 .. Gprec2 : 624
 .. Hprec2.current_idx : 8
 .. Hprec2.size : 8
 .. Hprec2.precomp_prefix.current_idx : 8
 .. Hprec2.precomp_prefix.size : 8
 .. Hprec2.precomp_prefix.mv : 32
 .. Hprec2.precomp_prefix.const : 8
 .. Hprec2.precomp_prefix.cur : 64
 .. Hprec2.precomp_prefix.chunked : 8
 .. Hprec2.precomp_prefix : 352
 .. Hprec2.aux_comp_fnc : 0
 .. Hprec2.buff : 64
 .. Hprec2 : 624
 .. Xprime : 64
 .. offstate : 8
 .. offpos : 8
 .. blinds[0, <class 'list'>][0, <class 'Sc25519'>] : 48
 .. blinds[0, <class 'list'>][1, <class 'Sc25519'>] : 48
 .. blinds[0, <class 'list'>][2, <class 'Sc25519'>] : 48
 .. blinds[0, <class 'list'>][3, <class 'Sc25519'>] : 48
 .. blinds[0, <class 'list'>][4, <class 'Sc25519'>] : 48
 .. blinds[0, <class 'list'>][5, <class 'Sc25519'>] : 48
 .. blinds[0, <class 'list'>][6, <class 'Sc25519'>] : 48
 .. blinds[0, <class 'list'>][7, <class 'Sc25519'>] : 48
 .. blinds[0, <class 'list'>] : 480
 .. blinds[1, <class 'list'>] : 64
 .. blinds : 608
 .. use_det_masks : 8
 .. twoN.current_idx : 8
 .. twoN.size : 8
 .. twoN.mv : 32
 .. twoN.const : 8
 .. twoN.cur : 64
 .. twoN.chunked : 8
 .. twoN : 352
 .. tmp_sc_1 : 48
 .. tmp_det_buff : 101
 .. do_blind : 8
 .. offload : 8
1575404087505489 [35mapps.monero.diag[0m [32mDEBUG[0m Log trace BP STEP, ... F: 20346208 A: 382368, S: 2416
1575404087516974 [35mapps.monero.diag[0m [32mDEBUG[0m ======= 4 +++BP STEP Diff: 10656 Free: 20346048 Allocated: 382528
mem: total=2372305, current=762717, peak=942054
stack: 2320 out of 120000
GC: total: 20728576, used: 383456, free: 20345120
 No. of 1-blocks: 2944, 2-blocks: 713, max blk sz: 321, max free sz: 626635
1575404087521779 [35mtrezor.workflow[0m [32mDEBUG[0m close: <generator object 'diag' at 1028df380>
1575404087521811 [35mtrezor.workflow[0m [32mDEBUG[0m default already started
1575404087521857 [35mtrezor.wire[0m [32mDEBUG[0m 0:0 write: <DebugMoneroDiagAck>
1575404088044922 [35mtrezor.wire[0m [32mDEBUG[0m 0:0 receive: <class 'DebugMoneroDiagRequest'>
1575404088064064 [35mtrezor.workflow[0m [32mDEBUG[0m start: <generator object 'diag' at 1029081c0>
1575404088064110 [35mapps.monero.diag[0m [32mDEBUG[0m ----diagnostics
1575404088076504 [35mapps.monero.diag[0m [32mDEBUG[0m ======= 0  Diff: -5664 Free: 20339840 Allocated: 388736
mem: total=2461064, current=790804, peak=942054
stack: 2320 out of 120000
GC: total: 20728576, used: 389568, free: 20339008
 No. of 1-blocks: 3021, 2-blocks: 742, max blk sz: 321, max free sz: 626635
1575404088139985 [35mapps.monero.diag[0m [32mDEBUG[0m ======= 1 BP Imported Diff: 69952 Free: 20269888 Allocated: 458688
mem: total=2918049, current=876229, peak=1152830
stack: 2320 out of 120000
GC: total: 20728576, used: 459616, free: 20268960
 No. of 1-blocks: 3601, 2-blocks: 992, max blk sz: 321, max free sz: 623928
1575404088155436 [35mapps.monero.diag[0m [32mDEBUG[0m ======= 2 Crypto Imported Diff: 0 Free: 20269888 Allocated: 458688
mem: total=2919041, current=876989, peak=1152830
stack: 2320 out of 120000
GC: total: 20728576, used: 459616, free: 20268960
 No. of 1-blocks: 3601, 2-blocks: 992, max blk sz: 321, max free sz: 623928
1575404088171535 [35mapps.monero.diag[0m [32mDEBUG[0m ======= 3 +++BP START: 1; 2 Diff: 96 Free: 20269792 Allocated: 458784
mem: total=2920153, current=877853, peak=1152830
stack: 2320 out of 120000
GC: total: 20728576, used: 459808, free: 20268768
 No. of 1-blocks: 3606, 2-blocks: 992, max blk sz: 321, max free sz: 623928
1575404088184243 [35mapps.monero.diag[0m [32mDEBUG[0m Log trace BP START, ... F: 20270016 A: 458560, S: 2416
Phase1_lr, state: 0, off: 32, MN: 64
1575404088191216 [35mapps.monero.diag[0m [32mDEBUG[0m Log trace 2, ... F: 20269600 A: 458976, S: 3712
1575404088201969 [35mapps.monero.diag[0m [32mDEBUG[0m Log trace 3, ... F: 20278240 A: 450336, S: 3712
1575404088213034 [35mapps.monero.diag[0m [32mDEBUG[0m Log trace 4, ... F: 20276928 A: 451648, S: 3712
Moving to next state
1575404088221270 [35mapps.monero.diag[0m [32mDEBUG[0m Log trace 5, ... F: 20276800 A: 451776, S: 3712
Unknown type:  l1.prng , v <prng> , tp <class 'prng'>
Unknown type:  r1.fnc[0, <class 'KeyVPrngMask'>].prng , v <prng> , tp <class 'prng'>
!!!!!!!!!!!!!!!!Dump finished:  1847 : r:  12165
 .. round : 8
 .. S : 64
 .. A : 64
 .. V.current_idx : 8
 .. V.size : 8
 .. V.d : 64
 .. V.mv : 0
 .. V.const : 8
 .. V.cur : 64
 .. V.chunked : 8
 .. V : 384
 .. M : 8
 .. x : 64
 .. t : 64
 .. y : 64
 .. gamma[0, <class 'bytes'>] : 64
 .. gamma : 128
 .. off_method : 8
 .. nprime_thresh : 8
 .. off2_thresh : 8
 .. batching : 8
 .. T1 : 64
 .. T2 : 64
 .. z : 64
 .. l0.current_idx : 8
 .. l0.size : 8
 .. l0.fnc[0, <class 'KeyVEval'>].current_idx : 8
 .. l0.fnc[0, <class 'KeyVEval'>].size : 8
 .. l0.fnc[0, <class 'KeyVEval'>].fnc[0, <class 'list'>][0, <class 'bytes'>] : 64
 .. l0.fnc[0, <class 'KeyVEval'>].fnc[0, <class 'list'>] : 128
 .. l0.fnc[0, <class 'KeyVEval'>].fnc : 168
 .. l0.fnc[0, <class 'KeyVEval'>].raw : 8
 .. l0.fnc[0, <class 'KeyVEval'>].scalar : 8
 .. l0.fnc[0, <class 'KeyVEval'>].buff : 64
 .. l0.fnc[0, <class 'KeyVEval'>] : 456
 .. l0.fnc[1, <class 'Sc25519'>] : 48
 .. l0.fnc : 560
 .. l0.raw : 8
 .. l0.scalar : 8
 .. l0.buff : 64
 .. l0 : 848
 .. r0.current_idx : 8
 .. r0.size : 8
 .. r0.N : 8
 .. r0.aR.current_idx : 8
 .. r0.aR.size : 8
 .. r0.aR.fnc : 40
 .. r0.aR.raw : 8
 .. r0.aR.scalar : 8
 .. r0.aR.buff : 64
 .. r0.aR : 328
 .. r0.raw : 8
 .. r0.y : 48
 .. r0.yp : 48
 .. r0.z : 48
 .. r0.zt : 48
 .. r0.p2 : 48
 .. r0.res : 48
 .. r0.cur : 64
 .. r0.last_idx : 8
 .. r0 : 1088
 .. l1.current_idx : 8
 .. l1.size : 8
 .. l1.raw : 8
 .. l1.sc : 48
 .. l1.cur : 64
 .. l1.seed : 64
 .. l1.allow_nonlinear : 8
 .. l1.last_idx : 8
 .. l1 : 472
 .. r1.current_idx : 8
 .. r1.size : 8
 .. r1.fnc[0, <class 'KeyVPrngMask'>].current_idx : 8
 .. r1.fnc[0, <class 'KeyVPrngMask'>].size : 8
 .. r1.fnc[0, <class 'KeyVPrngMask'>].raw : 8
 .. r1.fnc[0, <class 'KeyVPrngMask'>].sc : 48
 .. r1.fnc[0, <class 'KeyVPrngMask'>].cur : 64
 .. r1.fnc[0, <class 'KeyVPrngMask'>].seed : 64
 .. r1.fnc[0, <class 'KeyVPrngMask'>].allow_nonlinear : 8
 .. r1.fnc[0, <class 'KeyVPrngMask'>].last_idx : 8
 .. r1.fnc[0, <class 'KeyVPrngMask'>] : 472
 .. r1.fnc[1, <class 'KeyVPowers'>].current_idx : 8
 .. r1.fnc[1, <class 'KeyVPowers'>].size : 8
 .. r1.fnc[1, <class 'KeyVPowers'>].x : 48
 .. r1.fnc[1, <class 'KeyVPowers'>].raw : 8
 .. r1.fnc[1, <class 'KeyVPowers'>].cur : 48
 .. r1.fnc[1, <class 'KeyVPowers'>].last_idx : 8
 .. r1.fnc[1, <class 'KeyVPowers'>] : 320
 .. r1.fnc : 848
 .. r1.raw : 8
 .. r1.scalar : 8
 .. r1.buff : 64
 .. r1 : 1136
 .. hash_cache : 64
 .. proof_sec : 64
 .. MN : 8
 .. logMN : 8
 .. tau1 : 64
 .. tau2 : 64
 .. rho : 64
 .. alpha : 64
 .. Gprec2.current_idx : 8
 .. Gprec2.size : 8
 .. Gprec2.precomp_prefix.current_idx : 8
 .. Gprec2.precomp_prefix.size : 8
 .. Gprec2.precomp_prefix.mv : 32
 .. Gprec2.precomp_prefix.const : 8
 .. Gprec2.precomp_prefix.cur : 64
 .. Gprec2.precomp_prefix.chunked : 8
 .. Gprec2.precomp_prefix : 352
 .. Gprec2.aux_comp_fnc : 0
 .. Gprec2.buff : 64
 .. Gprec2 : 624
 .. Hprec2.current_idx : 8
 .. Hprec2.size : 8
 .. Hprec2.precomp_prefix.current_idx : 8
 .. Hprec2.precomp_prefix.size : 8
 .. Hprec2.precomp_prefix.mv : 32
 .. Hprec2.precomp_prefix.const : 8
 .. Hprec2.precomp_prefix.cur : 64
 .. Hprec2.precomp_prefix.chunked : 8
 .. Hprec2.precomp_prefix : 352
 .. Hprec2.aux_comp_fnc : 0
 .. Hprec2.buff : 64
 .. Hprec2 : 624
 .. Xprime : 64
 .. offstate : 8
 .. offpos : 8
 .. blinds[0, <class 'list'>][0, <class 'Sc25519'>] : 48
 .. blinds[0, <class 'list'>][1, <class 'Sc25519'>] : 48
 .. blinds[0, <class 'list'>][2, <class 'Sc25519'>] : 48
 .. blinds[0, <class 'list'>][3, <class 'Sc25519'>] : 48
 .. blinds[0, <class 'list'>][4, <class 'Sc25519'>] : 48
 .. blinds[0, <class 'list'>][5, <class 'Sc25519'>] : 48
 .. blinds[0, <class 'list'>][6, <class 'Sc25519'>] : 48
 .. blinds[0, <class 'list'>][7, <class 'Sc25519'>] : 48
 .. blinds[0, <class 'list'>] : 480
 .. blinds[1, <class 'list'>] : 64
 .. blinds : 608
 .. use_det_masks : 8
 .. twoN.current_idx : 8
 .. twoN.size : 8
 .. twoN.mv : 32
 .. twoN.const : 8
 .. twoN.cur : 64
 .. twoN.chunked : 8
 .. twoN : 352
 .. tmp_sc_1 : 48
 .. tmp_det_buff : 101
 .. do_blind : 8
 .. offload : 8
1575404088237695 [35mapps.monero.diag[0m [32mDEBUG[0m Log trace BP STEP, ... F: 20277568 A: 451008, S: 2416
1575404088245514 [35mapps.monero.diag[0m [32mDEBUG[0m ======= 4 +++BP STEP Diff: -7616 Free: 20277408 Allocated: 451168
mem: total=3094998, current=960802, peak=1152830
stack: 2320 out of 120000
GC: total: 20728576, used: 452096, free: 20276480
 No. of 1-blocks: 3507, 2-blocks: 959, max blk sz: 321, max free sz: 623928
1575404088250347 [35mtrezor.workflow[0m [32mDEBUG[0m close: <generator object 'diag' at 1029081c0>
1575404088250374 [35mtrezor.workflow[0m [32mDEBUG[0m default already started
1575404088250400 [35mtrezor.wire[0m [32mDEBUG[0m 0:0 write: <DebugMoneroDiagAck>
1575404088711494 [35mtrezor.wire[0m [32mDEBUG[0m 0:0 receive: <class 'DebugMoneroDiagRequest'>
1575404088720907 [35mtrezor.workflow[0m [32mDEBUG[0m start: <generator object 'diag' at 10291a600>
1575404088720937 [35mapps.monero.diag[0m [32mDEBUG[0m ----diagnostics
1575404088731536 [35mapps.monero.diag[0m [32mDEBUG[0m ======= 0  Diff: -74208 Free: 20339744 Allocated: 388832
mem: total=3183233, current=988893, peak=1152830
stack: 2320 out of 120000
GC: total: 20728576, used: 389664, free: 20338912
 No. of 1-blocks: 3022, 2-blocks: 743, max blk sz: 321, max free sz: 626635
1575404088793437 [35mapps.monero.diag[0m [32mDEBUG[0m ======= 1 BP Imported Diff: 69952 Free: 20269792 Allocated: 458784
mem: total=3640058, current=1074318, peak=1350919
stack: 2320 out of 120000
GC: total: 20728576, used: 459712, free: 20268864
 No. of 1-blocks: 3602, 2-blocks: 993, max blk sz: 321, max free sz: 623932
1575404088805629 [35mapps.monero.diag[0m [32mDEBUG[0m ======= 2 Crypto Imported Diff: 0 Free: 20269792 Allocated: 458784
mem: total=3641050, current=1075078, peak=1350919
stack: 2320 out of 120000
GC: total: 20728576, used: 459712, free: 20268864
 No. of 1-blocks: 3602, 2-blocks: 993, max blk sz: 321, max free sz: 623932
1575404088818089 [35mapps.monero.diag[0m [32mDEBUG[0m ======= 3 +++BP START: 1; 2 Diff: 96 Free: 20269696 Allocated: 458880
mem: total=3642162, current=1075942, peak=1350919
stack: 2320 out of 120000
GC: total: 20728576, used: 459904, free: 20268672
 No. of 1-blocks: 3607, 2-blocks: 993, max blk sz: 321, max free sz: 623932
1575404088830672 [35mapps.monero.diag[0m [32mDEBUG[0m Log trace BP START, ... F: 20269920 A: 458656, S: 2416
phase1_post, state: 1, off: 0
1575404088837538 [35mapps.monero.diag[0m [32mDEBUG[0m Log trace 10, ... F: 20269536 A: 459040, S: 3712
1575404088845220 [35mapps.monero.diag[0m [32mDEBUG[0m Log trace 18, ... F: 20279328 A: 449248, S: 3712
1575404088852367 [35mapps.monero.diag[0m [32mDEBUG[0m Log trace 19, ... F: 20279264 A: 449312, S: 3712
MN: 64, nprime: 32
1575404088864773 [35mapps.monero.diag[0m [32mDEBUG[0m Log trace 20, ... F: 20278272 A: 450304, S: 3712
Unknown type:  l1.prng , v <prng> , tp <class 'prng'>
Unknown type:  r1.fnc[0, <class 'KeyVPrngMask'>].prng , v <prng> , tp <class 'prng'>
!!!!!!!!!!!!!!!!Dump finished:  2279 : r:  13965
 .. round : 8
 .. l : 64
 .. r : 64
 .. R.current_idx : 8
 .. R.size : 8
 .. R.d : 224
 .. R.mv : 0
 .. R.const : 8
 .. R.cur : 64
 .. R.chunked : 8
 .. R : 544
 .. S : 64
 .. L.current_idx : 8
 .. L.size : 8
 .. L.d : 224
 .. L.mv : 0
 .. L.const : 8
 .. L.cur : 64
 .. L.chunked : 8
 .. L : 544
 .. A : 64
 .. V.current_idx : 8
 .. V.size : 8
 .. V.d : 64
 .. V.mv : 0
 .. V.const : 8
 .. V.cur : 64
 .. V.chunked : 8
 .. V : 384
 .. M : 8
 .. x : 64
 .. t : 64
 .. y : 64
 .. gamma[0, <class 'bytes'>] : 64
 .. gamma : 128
 .. off_method : 8
 .. nprime_thresh : 8
 .. off2_thresh : 8
 .. batching : 8
 .. T1 : 64
 .. T2 : 64
 .. taux : 64
 .. mu : 64
 .. z : 64
 .. l0.current_idx : 8
 .. l0.size : 8
 .. l0.fnc[0, <class 'KeyVEval'>].current_idx : 8
 .. l0.fnc[0, <class 'KeyVEval'>].size : 8
 .. l0.fnc[0, <class 'KeyVEval'>].fnc[0, <class 'list'>][0, <class 'bytes'>] : 64
 .. l0.fnc[0, <class 'KeyVEval'>].fnc[0, <class 'list'>] : 128
 .. l0.fnc[0, <class 'KeyVEval'>].fnc : 168
 .. l0.fnc[0, <class 'KeyVEval'>].raw : 8
 .. l0.fnc[0, <class 'KeyVEval'>].scalar : 8
 .. l0.fnc[0, <class 'KeyVEval'>].buff : 64
 .. l0.fnc[0, <class 'KeyVEval'>] : 456
 .. l0.fnc[1, <class 'Sc25519'>] : 48
 .. l0.fnc : 560
 .. l0.raw : 8
 .. l0.scalar : 8
 .. l0.buff : 64
 .. l0 : 848
 .. r0.current_idx : 8
 .. r0.size : 8
 .. r0.N : 8
 .. r0.aR.current_idx : 8
 .. r0.aR.size : 8
 .. r0.aR.fnc : 40
 .. r0.aR.raw : 8
 .. r0.aR.scalar : 8
 .. r0.aR.buff : 64
 .. r0.aR : 328
 .. r0.raw : 8
 .. r0.y : 48
 .. r0.yp : 48
 .. r0.z : 48
 .. r0.zt : 48
 .. r0.p2 : 48
 .. r0.res : 48
 .. r0.cur : 64
 .. r0.last_idx : 8
 .. r0 : 1088
 .. l1.current_idx : 8
 .. l1.size : 8
 .. l1.raw : 8
 .. l1.sc : 48
 .. l1.cur : 64
 .. l1.seed : 64
 .. l1.allow_nonlinear : 8
 .. l1.last_idx : 8
 .. l1 : 472
 .. r1.current_idx : 8
 .. r1.size : 8
 .. r1.fnc[0, <class 'KeyVPrngMask'>].current_idx : 8
 .. r1.fnc[0, <class 'KeyVPrngMask'>].size : 8
 .. r1.fnc[0, <class 'KeyVPrngMask'>].raw : 8
 .. r1.fnc[0, <class 'KeyVPrngMask'>].sc : 48
 .. r1.fnc[0, <class 'KeyVPrngMask'>].cur : 64
 .. r1.fnc[0, <class 'KeyVPrngMask'>].seed : 64
 .. r1.fnc[0, <class 'KeyVPrngMask'>].allow_nonlinear : 8
 .. r1.fnc[0, <class 'KeyVPrngMask'>].last_idx : 8
 .. r1.fnc[0, <class 'KeyVPrngMask'>] : 472
 .. r1.fnc[1, <class 'KeyVPowers'>].current_idx : 8
 .. r1.fnc[1, <class 'KeyVPowers'>].size : 8
 .. r1.fnc[1, <class 'KeyVPowers'>].x : 48
 .. r1.fnc[1, <class 'KeyVPowers'>].raw : 8
 .. r1.fnc[1, <class 'KeyVPowers'>].cur : 48
 .. r1.fnc[1, <class 'KeyVPowers'>].last_idx : 8
 .. r1.fnc[1, <class 'KeyVPowers'>] : 320
 .. r1.fnc : 848
 .. r1.raw : 8
 .. r1.scalar : 8
 .. r1.buff : 64
 .. r1 : 1136
 .. hash_cache : 64
 .. proof_sec : 64
 .. MN : 8
 .. logMN : 8
 .. x_ip : 64
 .. nprime : 8
 .. Gprec2.current_idx : 8
 .. Gprec2.size : 8
 .. Gprec2.precomp_prefix.current_idx : 8
 .. Gprec2.precomp_prefix.size : 8
 .. Gprec2.precomp_prefix.mv : 32
 .. Gprec2.precomp_prefix.const : 8
 .. Gprec2.precomp_prefix.cur : 64
 .. Gprec2.precomp_prefix.chunked : 8
 .. Gprec2.precomp_prefix : 352
 .. Gprec2.aux_comp_fnc : 0
 .. Gprec2.buff : 64
 .. Gprec2 : 624
 .. Hprec2.current_idx : 8
 .. Hprec2.size : 8
 .. Hprec2.precomp_prefix.current_idx : 8
 .. Hprec2.precomp_prefix.size : 8
 .. Hprec2.precomp_prefix.mv : 32
 .. Hprec2.precomp_prefix.const : 8
 .. Hprec2.precomp_prefix.cur : 64
 .. Hprec2.precomp_prefix.chunked : 8
 .. Hprec2.precomp_prefix : 352
 .. Hprec2.aux_comp_fnc : 0
 .. Hprec2.buff : 64
 .. Hprec2 : 624
 .. Xprime : 64
 .. offstate : 8
 .. offpos : 8
 .. blinds[0, <class 'list'>][0, <class 'Sc25519'>] : 48
 .. blinds[0, <class 'list'>][1, <class 'Sc25519'>] : 48
 .. blinds[0, <class 'list'>][2, <class 'Sc25519'>] : 48
 .. blinds[0, <class 'list'>][3, <class 'Sc25519'>] : 48
 .. blinds[0, <class 'list'>][4, <class 'Sc25519'>] : 48
 .. blinds[0, <class 'list'>][5, <class 'Sc25519'>] : 48
 .. blinds[0, <class 'list'>][6, <class 'Sc25519'>] : 48
 .. blinds[0, <class 'list'>][7, <class 'Sc25519'>] : 48
 .. blinds[0, <class 'list'>] : 480
 .. blinds[1, <class 'list'>] : 64
 .. blinds : 608
 .. use_det_masks : 8
 .. twoN.current_idx : 8
 .. twoN.size : 8
 .. twoN.mv : 32
 .. twoN.const : 8
 .. twoN.cur : 64
 .. twoN.chunked : 8
 .. twoN : 352
 .. tmp_sc_1 : 48
 .. tmp_det_buff : 101
 .. do_blind : 8
 .. offload : 8
1575404088880822 [35mapps.monero.diag[0m [32mDEBUG[0m Log trace BP STEP, ... F: 20278400 A: 450176, S: 2416
1575404088887783 [35mapps.monero.diag[0m [32mDEBUG[0m ======= 4 +++BP STEP Diff: -8544 Free: 20278240 Allocated: 450336
mem: total=3806163, current=1164839, peak=1350919
stack: 2320 out of 120000
GC: total: 20728576, used: 451264, free: 20277312
 No. of 1-blocks: 3525, 2-blocks: 959, max blk sz: 321, max free sz: 623932
1575404088892877 [35mtrezor.workflow[0m [32mDEBUG[0m close: <generator object 'diag' at 10291a600>
1575404088892930 [35mtrezor.workflow[0m [32mDEBUG[0m default already started
1575404088892982 [35mtrezor.wire[0m [32mDEBUG[0m 0:0 write: <DebugMoneroDiagAck>
1575404088948206 [35mtrezor.wire[0m [32mDEBUG[0m 0:0 receive: <class 'DebugMoneroDiagRequest'>
1575404088992031 [35mtrezor.workflow[0m [32mDEBUG[0m start: <generator object 'diag' at 10291e6a0>
1575404088992105 [35mapps.monero.diag[0m [32mDEBUG[0m ----diagnostics
1575404089003821 [35mapps.monero.diag[0m [32mDEBUG[0m ======= 0  Diff: -71712 Free: 20338048 Allocated: 390528
mem: total=3891488, current=1194388, peak=1350919
stack: 2320 out of 120000
GC: total: 20728576, used: 391360, free: 20337216
 No. of 1-blocks: 3053, 2-blocks: 744, max blk sz: 321, max free sz: 626635
1575404089057140 [35mapps.monero.diag[0m [32mDEBUG[0m ======= 1 BP Imported Diff: 69952 Free: 20268096 Allocated: 460480
mem: total=4348441, current=1279813, peak=1556382
stack: 2320 out of 120000
GC: total: 20728576, used: 461408, free: 20267168
 No. of 1-blocks: 3633, 2-blocks: 994, max blk sz: 321, max free sz: 623874
1575404089070819 [35mapps.monero.diag[0m [32mDEBUG[0m ======= 2 Crypto Imported Diff: 0 Free: 20268096 Allocated: 460480
mem: total=4349433, current=1280573, peak=1556382
stack: 2320 out of 120000
GC: total: 20728576, used: 461408, free: 20267168
 No. of 1-blocks: 3633, 2-blocks: 994, max blk sz: 321, max free sz: 623874
1575404089083375 [35mapps.monero.diag[0m [32mDEBUG[0m ======= 3 +++BP START: 1; 2 Diff: 96 Free: 20268000 Allocated: 460576
mem: total=4350545, current=1281437, peak=1556382
stack: 2320 out of 120000
GC: total: 20728576, used: 461600, free: 20266976
 No. of 1-blocks: 3638, 2-blocks: 994, max blk sz: 321, max free sz: 623874
1575404089096392 [35mapps.monero.diag[0m [32mDEBUG[0m Log trace BP START, ... F: 20268224 A: 460352, S: 2416
_phase2_loop_offdot, state: 2, off: 0, round: 0, nprime: 32
_phase2_loop_body_r0init, state: 2, off: 0
1575404089103244 [35mapps.monero.diag[0m [32mDEBUG[0m Log trace 34, ... F: 20266176 A: 462400, S: 4112
1575404089110898 [35mapps.monero.diag[0m [32mDEBUG[0m Log trace 2, ... F: 20276288 A: 452288, S: 3712
1575404089118464 [35mapps.monero.diag[0m [32mDEBUG[0m Log trace 10, ... F: 20274816 A: 453760, S: 3712
1575404089128210 [35mapps.monero.diag[0m [32mDEBUG[0m Log trace 11, ... F: 20274784 A: 453792, S: 3712
1575404089136451 [35mapps.monero.diag[0m [32mDEBUG[0m Log trace 12, ... F: 20275872 A: 452704, S: 3712
1575404089146293 [35mapps.monero.diag[0m [32mDEBUG[0m Log trace 13, ... F: 20275328 A: 453248, S: 3712
1575404089156883 [35mapps.monero.diag[0m [32mDEBUG[0m Log trace 14, ... F: 20274624 A: 453952, S: 3712
Fold now
1575404089171088 [35mapps.monero.diag[0m [32mDEBUG[0m Log trace 22, ... F: 20272096 A: 456480, S: 4016
Unknown type:  Xprime[1, <class 'KeyVEval'>].fnc[0, <class 'BulletProofBuilder'>] , v <BulletProofBuilder object at 1028bd4a0> , tp <class 'BulletProofBuilder'>
!!!!!!!!!!!!!!!!Dump finished:  2568 : r:  9741
 .. round : 8
 .. l : 64
 .. r : 64
 .. R.current_idx : 8
 .. R.size : 8
 .. R.d : 224
 .. R.mv : 0
 .. R.const : 8
 .. R.cur : 64
 .. R.chunked : 8
 .. R : 544
 .. S : 64
 .. L.current_idx : 8
 .. L.size : 8
 .. L.d : 224
 .. L.mv : 0
 .. L.const : 8
 .. L.cur : 64
 .. L.chunked : 8
 .. L : 544
 .. A : 64
 .. V.current_idx : 8
 .. V.size : 8
 .. V.d : 64
 .. V.mv : 0
 .. V.const : 8
 .. V.cur : 64
 .. V.chunked : 8
 .. V : 384
 .. M : 8
 .. x : 64
 .. t : 64
 .. y : 64
 .. gamma[0, <class 'bytes'>] : 64
 .. gamma : 128
 .. off_method : 8
 .. nprime_thresh : 8
 .. off2_thresh : 8
 .. batching : 8
 .. T1 : 64
 .. T2 : 64
 .. taux : 64
 .. mu : 64
 .. tmp_pt : 168
 .. z : 64
 .. hash_cache : 64
 .. proof_sec : 64
 .. MN : 8
 .. logMN : 8
 .. x_ip : 64
 .. nprime : 8
 .. Gprec2.current_idx : 8
 .. Gprec2.size : 8
 .. Gprec2.precomp_prefix.current_idx : 8
 .. Gprec2.precomp_prefix.size : 8
 .. Gprec2.precomp_prefix.mv : 32
 .. Gprec2.precomp_prefix.const : 8
 .. Gprec2.precomp_prefix.cur : 64
 .. Gprec2.precomp_prefix.chunked : 8
 .. Gprec2.precomp_prefix : 352
 .. Gprec2.aux_comp_fnc : 0
 .. Gprec2.buff : 64
 .. Gprec2 : 624
 .. Hprec2.current_idx : 8
 .. Hprec2.size : 8
 .. Hprec2.precomp_prefix.current_idx : 8
 .. Hprec2.precomp_prefix.size : 8
 .. Hprec2.precomp_prefix.mv : 32
 .. Hprec2.precomp_prefix.const : 8
 .. Hprec2.precomp_prefix.cur : 64
 .. Hprec2.precomp_prefix.chunked : 8
 .. Hprec2.precomp_prefix : 352
 .. Hprec2.aux_comp_fnc : 0
 .. Hprec2.buff : 64
 .. Hprec2 : 624
 .. Xprime[1, <class 'KeyVEval'>].current_idx : 8
 .. Xprime[1, <class 'KeyVEval'>].size : 8
 .. Xprime[1, <class 'KeyVEval'>].fnc : 40
 .. Xprime[1, <class 'KeyVEval'>].raw : 8
 .. Xprime[1, <class 'KeyVEval'>].scalar : 8
 .. Xprime[1, <class 'KeyVEval'>].buff : 64
 .. Xprime[1, <class 'KeyVEval'>] : 328
 .. Xprime : 392
 .. w_round : 64
 .. winv : 64
 .. tmp_k_1 : 64
 .. yinvpowL.current_idx : 8
 .. yinvpowL.size : 8
 .. yinvpowL.x : 48
 .. yinvpowL.raw : 8
 .. yinvpowL.cur : 48
 .. yinvpowL.last_idx : 8
 .. yinvpowL : 320
 .. yinvpowR.current_idx : 8
 .. yinvpowR.size : 8
 .. yinvpowR.x : 48
 .. yinvpowR.raw : 8
 .. yinvpowR.cur : 48
 .. yinvpowR.last_idx : 8
 .. yinvpowR : 320
 .. HprimeR.current_idx : 8
 .. HprimeR.size : 8
 .. HprimeR.fnc : 40
 .. HprimeR.raw : 8
 .. HprimeR.scalar : 8
 .. HprimeR.buff : 64
 .. HprimeR : 328
 .. offstate : 8
 .. offpos : 8
 .. blinds[0, <class 'list'>][0, <class 'Sc25519'>] : 48
 .. blinds[0, <class 'list'>][1, <class 'Sc25519'>] : 48
 .. blinds[0, <class 'list'>][2, <class 'Sc25519'>] : 48
 .. blinds[0, <class 'list'>][3, <class 'Sc25519'>] : 48
 .. blinds[0, <class 'list'>][4, <class 'Sc25519'>] : 48
 .. blinds[0, <class 'list'>][5, <class 'Sc25519'>] : 48
 .. blinds[0, <class 'list'>][6, <class 'Sc25519'>] : 48
 .. blinds[0, <class 'list'>][7, <class 'Sc25519'>] : 48
 .. blinds[0, <class 'list'>] : 480
 .. blinds[1, <class 'list'>][0, <class 'Sc25519'>] : 48
 .. blinds[1, <class 'list'>][1, <class 'Sc25519'>] : 48
 .. blinds[1, <class 'list'>][2, <class 'Sc25519'>] : 48
 .. blinds[1, <class 'list'>][3, <class 'Sc25519'>] : 48
 .. blinds[1, <class 'list'>][4, <class 'Sc25519'>] : 48
 .. blinds[1, <class 'list'>][5, <class 'Sc25519'>] : 48
 .. blinds[1, <class 'list'>][6, <class 'Sc25519'>] : 48
 .. blinds[1, <class 'list'>][7, <class 'Sc25519'>] : 48
 .. blinds[1, <class 'list'>] : 480
 .. blinds : 1024
 .. use_det_masks : 8
 .. twoN.current_idx : 8
 .. twoN.size : 8
 .. twoN.mv : 32
 .. twoN.const : 8
 .. twoN.cur : 64
 .. twoN.chunked : 8
 .. twoN : 352
 .. tmp_sc_1 : 48
 .. tmp_det_buff : 101
 .. do_blind : 8
 .. offload : 8
1575404089201934 [35mapps.monero.diag[0m [32mDEBUG[0m Log trace BP STEP, ... F: 20274848 A: 453728, S: 2416
1575404089214841 [35mapps.monero.diag[0m [32mDEBUG[0m ======= 4 +++BP STEP Diff: -6688 Free: 20274688 Allocated: 453888
mem: total=4508599, current=1370459, peak=1556382
stack: 2320 out of 120000
GC: total: 20728576, used: 454816, free: 20273760
 No. of 1-blocks: 3586, 2-blocks: 973, max blk sz: 321, max free sz: 623874
1575404089222058 [35mtrezor.workflow[0m [32mDEBUG[0m close: <generator object 'diag' at 10291e6a0>
1575404089222118 [35mtrezor.workflow[0m [32mDEBUG[0m default already started
1575404089222199 [35mtrezor.wire[0m [32mDEBUG[0m 0:0 write: <DebugMoneroDiagAck>
1575404089404917 [35mtrezor.wire[0m [32mDEBUG[0m 0:0 receive: <class 'DebugMoneroDiagRequest'>
1575404089416274 [35mtrezor.workflow[0m [32mDEBUG[0m start: <generator object 'diag' at 10291dd80>
1575404089416341 [35mapps.monero.diag[0m [32mDEBUG[0m ----diagnostics
1575404089431644 [35mapps.monero.diag[0m [32mDEBUG[0m ======= 0  Diff: -73664 Free: 20336480 Allocated: 392096
mem: total=4602178, current=1407318, peak=1556382
stack: 2320 out of 120000
GC: total: 20728576, used: 392928, free: 20335648
 No. of 1-blocks: 3060, 2-blocks: 756, max blk sz: 321, max free sz: 626635
1575404089510857 [35mapps.monero.diag[0m [32mDEBUG[0m ======= 1 BP Imported Diff: 69952 Free: 20266528 Allocated: 462048
mem: total=5059179, current=1492743, peak=1769376
stack: 2320 out of 120000
GC: total: 20728576, used: 462976, free: 20265600
 No. of 1-blocks: 3640, 2-blocks: 1006, max blk sz: 321, max free sz: 623822
1575404089528823 [35mapps.monero.diag[0m [32mDEBUG[0m ======= 2 Crypto Imported Diff: 0 Free: 20266528 Allocated: 462048
mem: total=5060171, current=1493503, peak=1769376
stack: 2320 out of 120000
GC: total: 20728576, used: 462976, free: 20265600
 No. of 1-blocks: 3640, 2-blocks: 1006, max blk sz: 321, max free sz: 623822
1575404089540637 [35mapps.monero.diag[0m [32mDEBUG[0m ======= 3 +++BP START: 1; 2 Diff: 96 Free: 20266432 Allocated: 462144
mem: total=5061283, current=1494367, peak=1769376
stack: 2320 out of 120000
GC: total: 20728576, used: 463168, free: 20265408
 No. of 1-blocks: 3645, 2-blocks: 1006, max blk sz: 321, max free sz: 623822
1575404089553873 [35mapps.monero.diag[0m [32mDEBUG[0m Log trace BP START, ... F: 20266656 A: 461920, S: 2416
phase2_loop_fold, state: 3, off: 0, round: 0, nprime: 32, btch: 32
1575404089565690 [35mapps.monero.diag[0m [32mDEBUG[0m Log trace 2, ... F: 20266112 A: 462464, S: 3712
1575404089573049 [35mapps.monero.diag[0m [32mDEBUG[0m Log trace 5, ... F: 20275904 A: 452672, S: 3712
1575404089582934 [35mapps.monero.diag[0m [32mDEBUG[0m Log trace 10, ... F: 20274656 A: 453920, S: 3712
1575404089590260 [35mapps.monero.diag[0m [32mDEBUG[0m Log trace 12, ... F: 20274176 A: 454400, S: 3712
1575404089610605 [35mapps.monero.diag[0m [32mDEBUG[0m Log trace 15, ... F: 20274464 A: 454112, S: 3712
Moved to state 4, npr 32
Unknown type:  Xprime[1, <class 'KeyVEval'>].fnc[0, <class 'BulletProofBuilder'>] , v <BulletProofBuilder object at 1028bd4a0> , tp <class 'BulletProofBuilder'>
!!!!!!!!!!!!!!!!Dump finished:  2568 : r:  9741
 .. round : 8
 .. l : 64
 .. r : 64
 .. R.current_idx : 8
 .. R.size : 8
 .. R.d : 224
 .. R.mv : 0
 .. R.const : 8
 .. R.cur : 64
 .. R.chunked : 8
 .. R : 544
 .. S : 64
 .. L.current_idx : 8
 .. L.size : 8
 .. L.d : 224
 .. L.mv : 0
 .. L.const : 8
 .. L.cur : 64
 .. L.chunked : 8
 .. L : 544
 .. A : 64
 .. V.current_idx : 8
 .. V.size : 8
 .. V.d : 64
 .. V.mv : 0
 .. V.const : 8
 .. V.cur : 64
 .. V.chunked : 8
 .. V : 384
 .. M : 8
 .. x : 64
 .. t : 64
 .. y : 64
 .. gamma[0, <class 'bytes'>] : 64
 .. gamma : 128
 .. off_method : 8
 .. nprime_thresh : 8
 .. off2_thresh : 8
 .. batching : 8
 .. T1 : 64
 .. T2 : 64
 .. taux : 64
 .. mu : 64
 .. tmp_pt : 168
 .. z : 64
 .. hash_cache : 64
 .. proof_sec : 64
 .. MN : 8
 .. logMN : 8
 .. x_ip : 64
 .. nprime : 8
 .. Gprec2.current_idx : 8
 .. Gprec2.size : 8
 .. Gprec2.precomp_prefix.current_idx : 8
 .. Gprec2.precomp_prefix.size : 8
 .. Gprec2.precomp_prefix.mv : 32
 .. Gprec2.precomp_prefix.const : 8
 .. Gprec2.precomp_prefix.cur : 64
 .. Gprec2.precomp_prefix.chunked : 8
 .. Gprec2.precomp_prefix : 352
 .. Gprec2.aux_comp_fnc : 0
 .. Gprec2.buff : 64
 .. Gprec2 : 624
 .. Hprec2.current_idx : 8
 .. Hprec2.size : 8
 .. Hprec2.precomp_prefix.current_idx : 8
 .. Hprec2.precomp_prefix.size : 8
 .. Hprec2.precomp_prefix.mv : 32
 .. Hprec2.precomp_prefix.const : 8
 .. Hprec2.precomp_prefix.cur : 64
 .. Hprec2.precomp_prefix.chunked : 8
 .. Hprec2.precomp_prefix : 352
 .. Hprec2.aux_comp_fnc : 0
 .. Hprec2.buff : 64
 .. Hprec2 : 624
 .. Xprime[1, <class 'KeyVEval'>].current_idx : 8
 .. Xprime[1, <class 'KeyVEval'>].size : 8
 .. Xprime[1, <class 'KeyVEval'>].fnc : 40
 .. Xprime[1, <class 'KeyVEval'>].raw : 8
 .. Xprime[1, <class 'KeyVEval'>].scalar : 8
 .. Xprime[1, <class 'KeyVEval'>].buff : 64
 .. Xprime[1, <class 'KeyVEval'>] : 328
 .. Xprime : 392
 .. w_round : 64
 .. winv : 64
 .. tmp_k_1 : 64
 .. yinvpowL.current_idx : 8
 .. yinvpowL.size : 8
 .. yinvpowL.x : 48
 .. yinvpowL.raw : 8
 .. yinvpowL.cur : 48
 .. yinvpowL.last_idx : 8
 .. yinvpowL : 320
 .. yinvpowR.current_idx : 8
 .. yinvpowR.size : 8
 .. yinvpowR.x : 48
 .. yinvpowR.raw : 8
 .. yinvpowR.cur : 48
 .. yinvpowR.last_idx : 8
 .. yinvpowR : 320
 .. HprimeR.current_idx : 8
 .. HprimeR.size : 8
 .. HprimeR.fnc : 40
 .. HprimeR.raw : 8
 .. HprimeR.scalar : 8
 .. HprimeR.buff : 64
 .. HprimeR : 328
 .. offstate : 8
 .. offpos : 8
 .. blinds[0, <class 'list'>][0, <class 'Sc25519'>] : 48
 .. blinds[0, <class 'list'>][1, <class 'Sc25519'>] : 48
 .. blinds[0, <class 'list'>][2, <class 'Sc25519'>] : 48
 .. blinds[0, <class 'list'>][3, <class 'Sc25519'>] : 48
 .. blinds[0, <class 'list'>][4, <class 'Sc25519'>] : 48
 .. blinds[0, <class 'list'>][5, <class 'Sc25519'>] : 48
 .. blinds[0, <class 'list'>][6, <class 'Sc25519'>] : 48
 .. blinds[0, <class 'list'>][7, <class 'Sc25519'>] : 48
 .. blinds[0, <class 'list'>] : 480
 .. blinds[1, <class 'list'>][0, <class 'Sc25519'>] : 48
 .. blinds[1, <class 'list'>][1, <class 'Sc25519'>] : 48
 .. blinds[1, <class 'list'>][2, <class 'Sc25519'>] : 48
 .. blinds[1, <class 'list'>][3, <class 'Sc25519'>] : 48
 .. blinds[1, <class 'list'>][4, <class 'Sc25519'>] : 48
 .. blinds[1, <class 'list'>][5, <class 'Sc25519'>] : 48
 .. blinds[1, <class 'list'>][6, <class 'Sc25519'>] : 48
 .. blinds[1, <class 'list'>][7, <class 'Sc25519'>] : 48
 .. blinds[1, <class 'list'>] : 480
 .. blinds : 1024
 .. use_det_masks : 8
 .. twoN.current_idx : 8
 .. twoN.size : 8
 .. twoN.mv : 32
 .. twoN.const : 8
 .. twoN.cur : 64
 .. twoN.chunked : 8
 .. twoN : 352
 .. tmp_sc_1 : 48
 .. tmp_det_buff : 101
 .. do_blind : 8
 .. offload : 8
1575404089628587 [35mapps.monero.diag[0m [32mDEBUG[0m Log trace BP STEP, ... F: 20275392 A: 453184, S: 2416
1575404089636167 [35mapps.monero.diag[0m [32mDEBUG[0m ======= 4 +++BP STEP Diff: -8800 Free: 20275232 Allocated: 453344
mem: total=5210826, current=1576046, peak=1769376
stack: 2320 out of 120000
GC: total: 20728576, used: 454272, free: 20274304
 No. of 1-blocks: 3543, 2-blocks: 972, max blk sz: 321, max free sz: 623822
1575404089641071 [35mtrezor.workflow[0m [32mDEBUG[0m close: <generator object 'diag' at 10291dd80>
1575404089641104 [35mtrezor.workflow[0m [32mDEBUG[0m default already started
1575404089641152 [35mtrezor.wire[0m [32mDEBUG[0m 0:0 write: <DebugMoneroDiagAck>
1575404089879454 [35mtrezor.wire[0m [32mDEBUG[0m 0:0 receive: <class 'DebugMoneroDiagRequest'>
1575404089887946 [35mtrezor.workflow[0m [32mDEBUG[0m start: <generator object 'diag' at 10291cc80>
1575404089888132 [35mapps.monero.diag[0m [32mDEBUG[0m ----diagnostics
1575404089904244 [35mapps.monero.diag[0m [32mDEBUG[0m ======= 0  Diff: -73184 Free: 20336480 Allocated: 392096
mem: total=5292453, current=1600617, peak=1769376
stack: 2320 out of 120000
GC: total: 20728576, used: 392928, free: 20335648
 No. of 1-blocks: 3060, 2-blocks: 756, max blk sz: 321, max free sz: 626635
1575404089986968 [35mapps.monero.diag[0m [32mDEBUG[0m ======= 1 BP Imported Diff: 69952 Free: 20266528 Allocated: 462048
mem: total=5749470, current=1686042, peak=1962675
stack: 2320 out of 120000
GC: total: 20728576, used: 462976, free: 20265600
 No. of 1-blocks: 3640, 2-blocks: 1006, max blk sz: 321, max free sz: 623827
1575404090009422 [35mapps.monero.diag[0m [32mDEBUG[0m ======= 2 Crypto Imported Diff: 0 Free: 20266528 Allocated: 462048
mem: total=5750462, current=1686802, peak=1962675
stack: 2320 out of 120000
GC: total: 20728576, used: 462976, free: 20265600
 No. of 1-blocks: 3640, 2-blocks: 1006, max blk sz: 321, max free sz: 623827
1575404090023971 [35mapps.monero.diag[0m [32mDEBUG[0m ======= 3 +++BP START: 1; 2 Diff: 96 Free: 20266432 Allocated: 462144
mem: total=5751574, current=1687666, peak=1962675
stack: 2320 out of 120000
GC: total: 20728576, used: 463168, free: 20265408
 No. of 1-blocks: 3645, 2-blocks: 1006, max blk sz: 321, max free sz: 623827
1575404090038676 [35mapps.monero.diag[0m [32mDEBUG[0m Log trace BP START, ... F: 20266656 A: 461920, S: 2416
phase2_loop_fold, state: 4, off: 0, round: 0, nprime: 32, btch: 32
1575404090046568 [35mapps.monero.diag[0m [32mDEBUG[0m Log trace 2, ... F: 20266112 A: 462464, S: 3712
1575404090054085 [35mapps.monero.diag[0m [32mDEBUG[0m Log trace 5, ... F: 20275904 A: 452672, S: 3712
1575404090067548 [35mapps.monero.diag[0m [32mDEBUG[0m Log trace 10, ... F: 20274656 A: 453920, S: 3712
1575404090074935 [35mapps.monero.diag[0m [32mDEBUG[0m Log trace 12, ... F: 20274112 A: 454464, S: 3712
1575404090106678 [35mapps.monero.diag[0m [32mDEBUG[0m Log trace 15, ... F: 20274464 A: 454112, S: 3712
Moved to state 5, npr 32
1575404090114303 [35mapps.monero.diag[0m [32mDEBUG[0m Log trace 16, ... F: 20274336 A: 454240, S: 3712
Moved to state 2
Unknown type:  Xprime[1, <class 'KeyVEval'>].fnc[0, <class 'BulletProofBuilder'>] , v <BulletProofBuilder object at 1028bd4a0> , tp <class 'BulletProofBuilder'>
!!!!!!!!!!!!!!!!Dump finished:  2108 : r:  7509
 .. round : 8
 .. l : 64
 .. r : 64
 .. R.current_idx : 8
 .. R.size : 8
 .. R.d : 224
 .. R.mv : 0
 .. R.const : 8
 .. R.cur : 64
 .. R.chunked : 8
 .. R : 544
 .. S : 64
 .. L.current_idx : 8
 .. L.size : 8
 .. L.d : 224
 .. L.mv : 0
 .. L.const : 8
 .. L.cur : 64
 .. L.chunked : 8
 .. L : 544
 .. A : 64
 .. V.current_idx : 8
 .. V.size : 8
 .. V.d : 64
 .. V.mv : 0
 .. V.const : 8
 .. V.cur : 64
 .. V.chunked : 8
 .. V : 384
 .. M : 8
 .. x : 64
 .. t : 64
 .. y : 64
 .. gamma[0, <class 'bytes'>] : 64
 .. gamma : 128
 .. off_method : 8
 .. nprime_thresh : 8
 .. off2_thresh : 8
 .. batching : 8
 .. T1 : 64
 .. T2 : 64
 .. taux : 64
 .. mu : 64
 .. z : 64
 .. hash_cache : 64
 .. proof_sec : 64
 .. MN : 8
 .. logMN : 8
 .. x_ip : 64
 .. nprime : 8
 .. Xprime[0, <class 'KeyVPrecomp'>].current_idx : 8
 .. Xprime[0, <class 'KeyVPrecomp'>].size : 8
 .. Xprime[0, <class 'KeyVPrecomp'>].precomp_prefix.current_idx : 8
 .. Xprime[0, <class 'KeyVPrecomp'>].precomp_prefix.size : 8
 .. Xprime[0, <class 'KeyVPrecomp'>].precomp_prefix.mv : 32
 .. Xprime[0, <class 'KeyVPrecomp'>].precomp_prefix.const : 8
 .. Xprime[0, <class 'KeyVPrecomp'>].precomp_prefix.cur : 64
 .. Xprime[0, <class 'KeyVPrecomp'>].precomp_prefix.chunked : 8
 .. Xprime[0, <class 'KeyVPrecomp'>].precomp_prefix : 352
 .. Xprime[0, <class 'KeyVPrecomp'>].aux_comp_fnc : 0
 .. Xprime[0, <class 'KeyVPrecomp'>].buff : 64
 .. Xprime[0, <class 'KeyVPrecomp'>] : 624
 .. Xprime[1, <class 'KeyVEval'>].current_idx : 8
 .. Xprime[1, <class 'KeyVEval'>].size : 8
 .. Xprime[1, <class 'KeyVEval'>].fnc : 40
 .. Xprime[1, <class 'KeyVEval'>].raw : 8
 .. Xprime[1, <class 'KeyVEval'>].scalar : 8
 .. Xprime[1, <class 'KeyVEval'>].buff : 64
 .. Xprime[1, <class 'KeyVEval'>] : 328
 .. Xprime : 1016
 .. w_round : 64
 .. winv : 64
 .. tmp_k_1 : 64
 .. offstate : 8
 .. offpos : 8
 .. blinds[0, <class 'list'>][0, <class 'Sc25519'>] : 48
 .. blinds[0, <class 'list'>][1, <class 'Sc25519'>] : 48
 .. blinds[0, <class 'list'>][2, <class 'Sc25519'>] : 48
 .. blinds[0, <class 'list'>][3, <class 'Sc25519'>] : 48
 .. blinds[0, <class 'list'>][4, <class 'Sc25519'>] : 48
 .. blinds[0, <class 'list'>][5, <class 'Sc25519'>] : 48
 .. blinds[0, <class 'list'>][6, <class 'Sc25519'>] : 48
 .. blinds[0, <class 'list'>][7, <class 'Sc25519'>] : 48
 .. blinds[0, <class 'list'>] : 480
 .. blinds[1, <class 'list'>][0, <class 'Sc25519'>] : 48
 .. blinds[1, <class 'list'>][1, <class 'Sc25519'>] : 48
 .. blinds[1, <class 'list'>][2, <class 'Sc25519'>] : 48
 .. blinds[1, <class 'list'>][3, <class 'Sc25519'>] : 48
 .. blinds[1, <class 'list'>][4, <class 'Sc25519'>] : 48
 .. blinds[1, <class 'list'>][5, <class 'Sc25519'>] : 48
 .. blinds[1, <class 'list'>][6, <class 'Sc25519'>] : 48
 .. blinds[1, <class 'list'>][7, <class 'Sc25519'>] : 48
 .. blinds[1, <class 'list'>] : 480
 .. blinds : 1024
 .. use_det_masks : 8
 .. Hprec.current_idx : 8
 .. Hprec.size : 8
 .. Hprec.mv : 32
 .. Hprec.const : 8
 .. Hprec.cur : 64
 .. Hprec.chunked : 8
 .. Hprec : 352
 .. twoN.current_idx : 8
 .. twoN.size : 8
 .. twoN.mv : 32
 .. twoN.const : 8
 .. twoN.cur : 64
 .. twoN.chunked : 8
 .. twoN : 352
 .. tmp_sc_1 : 48
 .. tmp_det_buff : 101
 .. do_blind : 8
 .. offload : 8
1575404090131430 [35mapps.monero.diag[0m [32mDEBUG[0m Log trace BP STEP, ... F: 20275392 A: 453184, S: 2416
1575404090138769 [35mapps.monero.diag[0m [32mDEBUG[0m ======= 4 +++BP STEP Diff: -8800 Free: 20275232 Allocated: 453344
mem: total=5877667, current=1757567, peak=1962675
stack: 2320 out of 120000
GC: total: 20728576, used: 454272, free: 20274304
 No. of 1-blocks: 3543, 2-blocks: 972, max blk sz: 321, max free sz: 623827
1575404090144805 [35mtrezor.workflow[0m [32mDEBUG[0m close: <generator object 'diag' at 10291cc80>
1575404090144882 [35mtrezor.workflow[0m [32mDEBUG[0m default already started
1575404090144956 [35mtrezor.wire[0m [32mDEBUG[0m 0:0 write: <DebugMoneroDiagAck>
1575404090325973 [35mtrezor.wire[0m [32mDEBUG[0m 0:0 receive: <class 'DebugMoneroDiagRequest'>
1575404090378722 [35mtrezor.workflow[0m [32mDEBUG[0m start: <generator object 'diag' at 10291f440>
1575404090378822 [35mapps.monero.diag[0m [32mDEBUG[0m ----diagnostics
1575404090391835 [35mapps.monero.diag[0m [32mDEBUG[0m ======= 0  Diff: -72800 Free: 20336064 Allocated: 392512
mem: total=5968280, current=1789844, peak=1962675
stack: 2320 out of 120000
GC: total: 20728576, used: 393344, free: 20335232
 No. of 1-blocks: 3071, 2-blocks: 757, max blk sz: 321, max free sz: 626635
1575404090449244 [35mapps.monero.diag[0m [32mDEBUG[0m ======= 1 BP Imported Diff: 69952 Free: 20266112 Allocated: 462464
mem: total=6425073, current=1875269, peak=2151806
stack: 2320 out of 120000
GC: total: 20728576, used: 463392, free: 20265184
 No. of 1-blocks: 3651, 2-blocks: 1007, max blk sz: 321, max free sz: 623813
1575404090462776 [35mapps.monero.diag[0m [32mDEBUG[0m ======= 2 Crypto Imported Diff: 0 Free: 20266112 Allocated: 462464
mem: total=6426065, current=1876029, peak=2151806
stack: 2320 out of 120000
GC: total: 20728576, used: 463392, free: 20265184
 No. of 1-blocks: 3651, 2-blocks: 1007, max blk sz: 321, max free sz: 623813
1575404090474657 [35mapps.monero.diag[0m [32mDEBUG[0m ======= 3 +++BP START: 1; 2 Diff: 96 Free: 20266016 Allocated: 462560
mem: total=6427177, current=1876893, peak=2151806
stack: 2320 out of 120000
GC: total: 20728576, used: 463584, free: 20264992
 No. of 1-blocks: 3656, 2-blocks: 1007, max blk sz: 321, max free sz: 623813
1575404090487193 [35mapps.monero.diag[0m [32mDEBUG[0m Log trace BP START, ... F: 20266240 A: 462336, S: 2416
_phase2_loop_offdot, state: 2, off: 0, round: 1, nprime: 16
1575404090495769 [35mapps.monero.diag[0m [32mDEBUG[0m Log trace 2, ... F: 20265824 A: 462752, S: 3712
1575404090503073 [35mapps.monero.diag[0m [32mDEBUG[0m Log trace 10, ... F: 20274208 A: 454368, S: 3712
1575404090511251 [35mapps.monero.diag[0m [32mDEBUG[0m Log trace 11, ... F: 20274304 A: 454272, S: 3712
1575404090518613 [35mapps.monero.diag[0m [32mDEBUG[0m Log trace 12, ... F: 20275072 A: 453504, S: 3712
1575404090527738 [35mapps.monero.diag[0m [32mDEBUG[0m Log trace 13, ... F: 20274528 A: 454048, S: 3712
1575404090535225 [35mapps.monero.diag[0m [32mDEBUG[0m Log trace 14, ... F: 20274528 A: 454048, S: 3712
Off2, fold anyway - threshold reached
Unknown type:  Xprime[1, <class 'KeyVEval'>].fnc[0, <class 'BulletProofBuilder'>] , v <BulletProofBuilder object at 1028bd4a0> , tp <class 'BulletProofBuilder'>
!!!!!!!!!!!!!!!!Dump finished:  2108 : r:  7509
 .. round : 8
 .. l : 64
 .. r : 64
 .. R.current_idx : 8
 .. R.size : 8
 .. R.d : 224
 .. R.mv : 0
 .. R.const : 8
 .. R.cur : 64
 .. R.chunked : 8
 .. R : 544
 .. S : 64
 .. L.current_idx : 8
 .. L.size : 8
 .. L.d : 224
 .. L.mv : 0
 .. L.const : 8
 .. L.cur : 64
 .. L.chunked : 8
 .. L : 544
 .. A : 64
 .. V.current_idx : 8
 .. V.size : 8
 .. V.d : 64
 .. V.mv : 0
 .. V.const : 8
 .. V.cur : 64
 .. V.chunked : 8
 .. V : 384
 .. M : 8
 .. x : 64
 .. t : 64
 .. y : 64
 .. gamma[0, <class 'bytes'>] : 64
 .. gamma : 128
 .. off_method : 8
 .. nprime_thresh : 8
 .. off2_thresh : 8
 .. batching : 8
 .. T1 : 64
 .. T2 : 64
 .. taux : 64
 .. mu : 64
 .. z : 64
 .. hash_cache : 64
 .. proof_sec : 64
 .. MN : 8
 .. logMN : 8
 .. x_ip : 64
 .. nprime : 8
 .. Xprime[0, <class 'KeyVPrecomp'>].current_idx : 8
 .. Xprime[0, <class 'KeyVPrecomp'>].size : 8
 .. Xprime[0, <class 'KeyVPrecomp'>].precomp_prefix.current_idx : 8
 .. Xprime[0, <class 'KeyVPrecomp'>].precomp_prefix.size : 8
 .. Xprime[0, <class 'KeyVPrecomp'>].precomp_prefix.mv : 32
 .. Xprime[0, <class 'KeyVPrecomp'>].precomp_prefix.const : 8
 .. Xprime[0, <class 'KeyVPrecomp'>].precomp_prefix.cur : 64
 .. Xprime[0, <class 'KeyVPrecomp'>].precomp_prefix.chunked : 8
 .. Xprime[0, <class 'KeyVPrecomp'>].precomp_prefix : 352
 .. Xprime[0, <class 'KeyVPrecomp'>].aux_comp_fnc : 0
 .. Xprime[0, <class 'KeyVPrecomp'>].buff : 64
 .. Xprime[0, <class 'KeyVPrecomp'>] : 624
 .. Xprime[1, <class 'KeyVEval'>].current_idx : 8
 .. Xprime[1, <class 'KeyVEval'>].size : 8
 .. Xprime[1, <class 'KeyVEval'>].fnc : 40
 .. Xprime[1, <class 'KeyVEval'>].raw : 8
 .. Xprime[1, <class 'KeyVEval'>].scalar : 8
 .. Xprime[1, <class 'KeyVEval'>].buff : 64
 .. Xprime[1, <class 'KeyVEval'>] : 328
 .. Xprime : 1016
 .. w_round : 64
 .. winv : 64
 .. tmp_k_1 : 64
 .. offstate : 8
 .. offpos : 8
 .. blinds[0, <class 'list'>][0, <class 'Sc25519'>] : 48
 .. blinds[0, <class 'list'>][1, <class 'Sc25519'>] : 48
 .. blinds[0, <class 'list'>][2, <class 'Sc25519'>] : 48
 .. blinds[0, <class 'list'>][3, <class 'Sc25519'>] : 48
 .. blinds[0, <class 'list'>][4, <class 'Sc25519'>] : 48
 .. blinds[0, <class 'list'>][5, <class 'Sc25519'>] : 48
 .. blinds[0, <class 'list'>][6, <class 'Sc25519'>] : 48
 .. blinds[0, <class 'list'>][7, <class 'Sc25519'>] : 48
 .. blinds[0, <class 'list'>] : 480
 .. blinds[1, <class 'list'>][0, <class 'Sc25519'>] : 48
 .. blinds[1, <class 'list'>][1, <class 'Sc25519'>] : 48
 .. blinds[1, <class 'list'>][2, <class 'Sc25519'>] : 48
 .. blinds[1, <class 'list'>][3, <class 'Sc25519'>] : 48
 .. blinds[1, <class 'list'>][4, <class 'Sc25519'>] : 48
 .. blinds[1, <class 'list'>][5, <class 'Sc25519'>] : 48
 .. blinds[1, <class 'list'>][6, <class 'Sc25519'>] : 48
 .. blinds[1, <class 'list'>][7, <class 'Sc25519'>] : 48
 .. blinds[1, <class 'list'>] : 480
 .. blinds : 1024
 .. use_det_masks : 8
 .. Hprec.current_idx : 8
 .. Hprec.size : 8
 .. Hprec.mv : 32
 .. Hprec.const : 8
 .. Hprec.cur : 64
 .. Hprec.chunked : 8
 .. Hprec : 352
 .. twoN.current_idx : 8
 .. twoN.size : 8
 .. twoN.mv : 32
 .. twoN.const : 8
 .. twoN.cur : 64
 .. twoN.chunked : 8
 .. twoN : 352
 .. tmp_sc_1 : 48
 .. tmp_det_buff : 101
 .. do_blind : 8
 .. offload : 8
1575404090551259 [35mapps.monero.diag[0m [32mDEBUG[0m Log trace BP STEP, ... F: 20276032 A: 452544, S: 2416
1575404090558110 [35mapps.monero.diag[0m [32mDEBUG[0m ======= 4 +++BP STEP Diff: -9856 Free: 20275872 Allocated: 452704
mem: total=6553625, current=1947357, peak=2151806
stack: 2320 out of 120000
GC: total: 20728576, used: 453632, free: 20274944
 No. of 1-blocks: 3553, 2-blocks: 973, max blk sz: 321, max free sz: 623813
1575404090566890 [35mtrezor.workflow[0m [32mDEBUG[0m close: <generator object 'diag' at 10291f440>
1575404090566971 [35mtrezor.workflow[0m [32mDEBUG[0m default already started
1575404090567043 [35mtrezor.wire[0m [32mDEBUG[0m 0:0 write: <DebugMoneroDiagAck>
1575404090574737 [35mtrezor.wire[0m [32mDEBUG[0m 0:0 receive: <class 'DebugMoneroDiagRequest'>
1575404090942427 [35mtrezor.workflow[0m [32mDEBUG[0m start: <generator object 'diag' at 10291f7c0>
1575404090942499 [35mapps.monero.diag[0m [32mDEBUG[0m ----diagnostics
1575404090954424 [35mapps.monero.diag[0m [32mDEBUG[0m ======= 0  Diff: -70912 Free: 20334848 Allocated: 393728
mem: total=6646314, current=1981454, peak=2151806
stack: 2320 out of 120000
GC: total: 20728576, used: 394560, free: 20334016
 No. of 1-blocks: 3061, 2-blocks: 757, max blk sz: 321, max free sz: 626635
1575404091015905 [35mapps.monero.diag[0m [32mDEBUG[0m ======= 1 BP Imported Diff: 69952 Free: 20264896 Allocated: 463680
mem: total=7103155, current=2066879, peak=2343512
stack: 2320 out of 120000
GC: total: 20728576, used: 464608, free: 20263968
 No. of 1-blocks: 3641, 2-blocks: 1007, max blk sz: 321, max free sz: 623770
1575404091029488 [35mapps.monero.diag[0m [32mDEBUG[0m ======= 2 Crypto Imported Diff: 0 Free: 20264896 Allocated: 463680
mem: total=7104147, current=2067639, peak=2343512
stack: 2320 out of 120000
GC: total: 20728576, used: 464608, free: 20263968
 No. of 1-blocks: 3641, 2-blocks: 1007, max blk sz: 321, max free sz: 623770
1575404091041183 [35mapps.monero.diag[0m [32mDEBUG[0m ======= 3 +++BP START: 1; 2 Diff: 96 Free: 20264800 Allocated: 463776
mem: total=7105259, current=2068503, peak=2343512
stack: 2320 out of 120000
GC: total: 20728576, used: 464800, free: 20263776
 No. of 1-blocks: 3646, 2-blocks: 1007, max blk sz: 321, max free sz: 623770
1575404091053811 [35mapps.monero.diag[0m [32mDEBUG[0m Log trace BP START, ... F: 20265024 A: 463552, S: 2416
phase2_loop_fold, state: 3, off: 0, round: 1, nprime: 16, btch: 32
1575404091063345 [35mapps.monero.diag[0m [32mDEBUG[0m Log trace 2, ... F: 20264480 A: 464096, S: 3712
1575404091071719 [35mapps.monero.diag[0m [32mDEBUG[0m Log trace 5, ... F: 20273984 A: 454592, S: 3712
1575404091082797 [35mapps.monero.diag[0m [32mDEBUG[0m Log trace 10, ... F: 20273120 A: 455456, S: 3712
1575404091090023 [35mapps.monero.diag[0m [32mDEBUG[0m Log trace 12, ... F: 20272608 A: 455968, S: 3712
1575404091102861 [35mapps.monero.diag[0m [32mDEBUG[0m Log trace 15, ... F: 20272832 A: 455744, S: 3712
Moved to state 4, npr 16
Unknown type:  Xprime[1, <class 'KeyVEval'>].fnc[0, <class 'BulletProofBuilder'>] , v <BulletProofBuilder object at 1028bd4a0> , tp <class 'BulletProofBuilder'>
!!!!!!!!!!!!!!!!Dump finished:  2622 : r:  8309
 .. round : 8
 .. l : 64
 .. r : 64
 .. R.current_idx : 8
 .. R.size : 8
 .. R.d : 224
 .. R.mv : 0
 .. R.const : 8
 .. R.cur : 64
 .. R.chunked : 8
 .. R : 544
 .. S : 64
 .. L.current_idx : 8
 .. L.size : 8
 .. L.d : 224
 .. L.mv : 0
 .. L.const : 8
 .. L.cur : 64
 .. L.chunked : 8
 .. L : 544
 .. A : 64
 .. V.current_idx : 8
 .. V.size : 8
 .. V.d : 64
 .. V.mv : 0
 .. V.const : 8
 .. V.cur : 64
 .. V.chunked : 8
 .. V : 384
 .. M : 8
 .. x : 64
 .. t : 64
 .. y : 64
 .. gamma[0, <class 'bytes'>] : 64
 .. gamma : 128
 .. off_method : 8
 .. nprime_thresh : 8
 .. off2_thresh : 8
 .. batching : 8
 .. T1 : 64
 .. T2 : 64
 .. taux : 64
 .. mu : 64
 .. z : 64
 .. hash_cache : 64
 .. proof_sec : 64
 .. MN : 8
 .. logMN : 8
 .. x_ip : 64
 .. nprime : 8
 .. Xprime[0, <class 'KeyV'>].current_idx : 8
 .. Xprime[0, <class 'KeyV'>].size : 8
 .. Xprime[0, <class 'KeyV'>].d : 544
 .. Xprime[0, <class 'KeyV'>].mv : 0
 .. Xprime[0, <class 'KeyV'>].const : 8
 .. Xprime[0, <class 'KeyV'>].cur : 64
 .. Xprime[0, <class 'KeyV'>].chunked : 8
 .. Xprime[0, <class 'KeyV'>] : 864
 .. Xprime[1, <class 'KeyVEval'>].current_idx : 8
 .. Xprime[1, <class 'KeyVEval'>].size : 8
 .. Xprime[1, <class 'KeyVEval'>].fnc : 40
 .. Xprime[1, <class 'KeyVEval'>].raw : 8
 .. Xprime[1, <class 'KeyVEval'>].scalar : 8
 .. Xprime[1, <class 'KeyVEval'>].buff : 64
 .. Xprime[1, <class 'KeyVEval'>] : 328
 .. Xprime : 1256
 .. w_round : 64
 .. winv : 64
 .. tmp_k_1 : 64
 .. offstate : 8
 .. offpos : 8
 .. blinds[0, <class 'list'>][0, <class 'Sc25519'>] : 48
 .. blinds[0, <class 'list'>][1, <class 'Sc25519'>] : 48
 .. blinds[0, <class 'list'>][2, <class 'Sc25519'>] : 48
 .. blinds[0, <class 'list'>][3, <class 'Sc25519'>] : 48
 .. blinds[0, <class 'list'>][4, <class 'Sc25519'>] : 48
 .. blinds[0, <class 'list'>][5, <class 'Sc25519'>] : 48
 .. blinds[0, <class 'list'>][6, <class 'Sc25519'>] : 48
 .. blinds[0, <class 'list'>][7, <class 'Sc25519'>] : 48
 .. blinds[0, <class 'list'>] : 480
 .. blinds[1, <class 'list'>][0, <class 'Sc25519'>] : 48
 .. blinds[1, <class 'list'>][1, <class 'Sc25519'>] : 48
 .. blinds[1, <class 'list'>][2, <class 'Sc25519'>] : 48
 .. blinds[1, <class 'list'>][3, <class 'Sc25519'>] : 48
 .. blinds[1, <class 'list'>][4, <class 'Sc25519'>] : 48
 .. blinds[1, <class 'list'>][5, <class 'Sc25519'>] : 48
 .. blinds[1, <class 'list'>][6, <class 'Sc25519'>] : 48
 .. blinds[1, <class 'list'>][7, <class 'Sc25519'>] : 48
 .. blinds[1, <class 'list'>] : 480
 .. blinds : 1024
 .. use_det_masks : 8
 .. Gprec.current_idx : 8
 .. Gprec.size : 8
 .. Gprec.mv : 32
 .. Gprec.const : 8
 .. Gprec.cur : 64
 .. Gprec.chunked : 8
 .. Gprec : 352
 .. Hprec.current_idx : 8
 .. Hprec.size : 8
 .. Hprec.mv : 32
 .. Hprec.const : 8
 .. Hprec.cur : 64
 .. Hprec.chunked : 8
 .. Hprec : 352
 .. twoN.current_idx : 8
 .. twoN.size : 8
 .. twoN.mv : 32
 .. twoN.const : 8
 .. twoN.cur : 64
 .. twoN.chunked : 8
 .. twoN : 352
 .. tmp_sc_1 : 48
 .. tmp_det_buff : 101
 .. do_blind : 8
 .. offload : 8
1575404091119378 [35mapps.monero.diag[0m [32mDEBUG[0m Log trace BP STEP, ... F: 20274016 A: 454560, S: 2416
1575404091126889 [35mapps.monero.diag[0m [32mDEBUG[0m ======= 4 +++BP STEP Diff: -9056 Free: 20273856 Allocated: 454720
mem: total=7231035, current=2137999, peak=2343512
stack: 2320 out of 120000
GC: total: 20728576, used: 455648, free: 20272928
 No. of 1-blocks: 3548, 2-blocks: 973, max blk sz: 321, max free sz: 623770
1575404091132514 [35mtrezor.workflow[0m [32mDEBUG[0m close: <generator object 'diag' at 10291f7c0>
1575404091132542 [35mtrezor.workflow[0m [32mDEBUG[0m default already started
1575404091132590 [35mtrezor.wire[0m [32mDEBUG[0m 0:0 write: <DebugMoneroDiagAck>
1575404091140365 [35mtrezor.wire[0m [32mDEBUG[0m 0:0 receive: <class 'DebugMoneroDiagRequest'>
1575404091493120 [35mtrezor.workflow[0m [32mDEBUG[0m start: <generator object 'diag' at 10291fe40>
1575404091493312 [35mapps.monero.diag[0m [32mDEBUG[0m ----diagnostics
1575404091504026 [35mapps.monero.diag[0m [32mDEBUG[0m ======= 0  Diff: -72096 Free: 20334048 Allocated: 394528
mem: total=7323852, current=2172096, peak=2343512
stack: 2320 out of 120000
GC: total: 20728576, used: 395360, free: 20333216
 No. of 1-blocks: 3066, 2-blocks: 757, max blk sz: 321, max free sz: 626635
1575404091558425 [35mapps.monero.diag[0m [32mDEBUG[0m ======= 1 BP Imported Diff: 69952 Free: 20264096 Allocated: 464480
mem: total=7780661, current=2257521, peak=2534122
stack: 2320 out of 120000
GC: total: 20728576, used: 465408, free: 20263168
 No. of 1-blocks: 3646, 2-blocks: 1007, max blk sz: 321, max free sz: 623745
1575404091571454 [35mapps.monero.diag[0m [32mDEBUG[0m ======= 2 Crypto Imported Diff: 0 Free: 20264096 Allocated: 464480
mem: total=7781653, current=2258281, peak=2534122
stack: 2320 out of 120000
GC: total: 20728576, used: 465408, free: 20263168
 No. of 1-blocks: 3646, 2-blocks: 1007, max blk sz: 321, max free sz: 623745
1575404091583957 [35mapps.monero.diag[0m [32mDEBUG[0m ======= 3 +++BP START: 1; 2 Diff: 96 Free: 20264000 Allocated: 464576
mem: total=7782765, current=2259145, peak=2534122
stack: 2320 out of 120000
GC: total: 20728576, used: 465600, free: 20262976
 No. of 1-blocks: 3651, 2-blocks: 1007, max blk sz: 321, max free sz: 623745
1575404091596882 [35mapps.monero.diag[0m [32mDEBUG[0m Log trace BP START, ... F: 20264224 A: 464352, S: 2416
phase2_loop_fold, state: 4, off: 0, round: 1, nprime: 16, btch: 32
1575404091603824 [35mapps.monero.diag[0m [32mDEBUG[0m Log trace 2, ... F: 20263680 A: 464896, S: 3712
1575404091611588 [35mapps.monero.diag[0m [32mDEBUG[0m Log trace 5, ... F: 20273184 A: 455392, S: 3712
1575404091621705 [35mapps.monero.diag[0m [32mDEBUG[0m Log trace 10, ... F: 20272320 A: 456256, S: 3712
1575404091630343 [35mapps.monero.diag[0m [32mDEBUG[0m Log trace 12, ... F: 20271744 A: 456832, S: 3712
1575404091641938 [35mapps.monero.diag[0m [32mDEBUG[0m Log trace 15, ... F: 20272032 A: 456544, S: 3712
Moved to state 5, npr 16
!!!!!!!!!!!!!!!!Dump finished:  3104 : r:  9349
 .. round : 8
 .. l : 64
 .. r : 64
 .. R.current_idx : 8
 .. R.size : 8
 .. R.d : 224
 .. R.mv : 0
 .. R.const : 8
 .. R.cur : 64
 .. R.chunked : 8
 .. R : 544
 .. S : 64
 .. L.current_idx : 8
 .. L.size : 8
 .. L.d : 224
 .. L.mv : 0
 .. L.const : 8
 .. L.cur : 64
 .. L.chunked : 8
 .. L : 544
 .. A : 64
 .. V.current_idx : 8
 .. V.size : 8
 .. V.d : 64
 .. V.mv : 0
 .. V.const : 8
 .. V.cur : 64
 .. V.chunked : 8
 .. V : 384
 .. M : 8
 .. x : 64
 .. t : 64
 .. y : 64
 .. gamma[0, <class 'bytes'>] : 64
 .. gamma : 128
 .. off_method : 8
 .. nprime_thresh : 8
 .. off2_thresh : 8
 .. batching : 8
 .. T1 : 64
 .. T2 : 64
 .. taux : 64
 .. mu : 64
 .. z : 64
 .. hash_cache : 64
 .. proof_sec : 64
 .. MN : 8
 .. logMN : 8
 .. x_ip : 64
 .. nprime : 8
 .. Xprime[0, <class 'KeyV'>].current_idx : 8
 .. Xprime[0, <class 'KeyV'>].size : 8
 .. Xprime[0, <class 'KeyV'>].d : 544
 .. Xprime[0, <class 'KeyV'>].mv : 0
 .. Xprime[0, <class 'KeyV'>].const : 8
 .. Xprime[0, <class 'KeyV'>].cur : 64
 .. Xprime[0, <class 'KeyV'>].chunked : 8
 .. Xprime[0, <class 'KeyV'>] : 864
 .. Xprime[1, <class 'KeyV'>].current_idx : 8
 .. Xprime[1, <class 'KeyV'>].size : 8
 .. Xprime[1, <class 'KeyV'>].d : 544
 .. Xprime[1, <class 'KeyV'>].mv : 0
 .. Xprime[1, <class 'KeyV'>].const : 8
 .. Xprime[1, <class 'KeyV'>].cur : 64
 .. Xprime[1, <class 'KeyV'>].chunked : 8
 .. Xprime[1, <class 'KeyV'>] : 864
 .. Xprime : 1792
 .. w_round : 64
 .. winv : 64
 .. tmp_k_1 : 64
 .. offstate : 8
 .. offpos : 8
 .. blinds[0, <class 'list'>][0, <class 'Sc25519'>] : 48
 .. blinds[0, <class 'list'>][1, <class 'Sc25519'>] : 48
 .. blinds[0, <class 'list'>][2, <class 'Sc25519'>] : 48
 .. blinds[0, <class 'list'>][3, <class 'Sc25519'>] : 48
 .. blinds[0, <class 'list'>][4, <class 'Sc25519'>] : 48
 .. blinds[0, <class 'list'>][5, <class 'Sc25519'>] : 48
 .. blinds[0, <class 'list'>][6, <class 'Sc25519'>] : 48
 .. blinds[0, <class 'list'>][7, <class 'Sc25519'>] : 48
 .. blinds[0, <class 'list'>] : 480
 .. blinds[1, <class 'list'>][0, <class 'Sc25519'>] : 48
 .. blinds[1, <class 'list'>][1, <class 'Sc25519'>] : 48
 .. blinds[1, <class 'list'>][2, <class 'Sc25519'>] : 48
 .. blinds[1, <class 'list'>][3, <class 'Sc25519'>] : 48
 .. blinds[1, <class 'list'>][4, <class 'Sc25519'>] : 48
 .. blinds[1, <class 'list'>][5, <class 'Sc25519'>] : 48
 .. blinds[1, <class 'list'>][6, <class 'Sc25519'>] : 48
 .. blinds[1, <class 'list'>][7, <class 'Sc25519'>] : 48
 .. blinds[1, <class 'list'>] : 480
 .. blinds : 1024
 .. use_det_masks : 8
 .. Gprec.current_idx : 8
 .. Gprec.size : 8
 .. Gprec.mv : 32
 .. Gprec.const : 8
 .. Gprec.cur : 64
 .. Gprec.chunked : 8
 .. Gprec : 352
 .. Hprec.current_idx : 8
 .. Hprec.size : 8
 .. Hprec.mv : 32
 .. Hprec.const : 8
 .. Hprec.cur : 64
 .. Hprec.chunked : 8
 .. Hprec : 352
 .. twoN.current_idx : 8
 .. twoN.size : 8
 .. twoN.mv : 32
 .. twoN.const : 8
 .. twoN.cur : 64
 .. twoN.chunked : 8
 .. twoN : 352
 .. tmp_sc_1 : 48
 .. tmp_det_buff : 101
 .. do_blind : 8
 .. offload : 8
1575404091658535 [35mapps.monero.diag[0m [32mDEBUG[0m Log trace BP STEP, ... F: 20273216 A: 455360, S: 2416
1575404091669709 [35mapps.monero.diag[0m [32mDEBUG[0m ======= 4 +++BP STEP Diff: -9056 Free: 20273056 Allocated: 455520
mem: total=7908262, current=2328610, peak=2534122
stack: 2320 out of 120000
GC: total: 20728576, used: 456448, free: 20272128
 No. of 1-blocks: 3553, 2-blocks: 973, max blk sz: 321, max free sz: 623745
1575404091674368 [35mtrezor.workflow[0m [32mDEBUG[0m close: <generator object 'diag' at 10291fe40>
1575404091674430 [35mtrezor.workflow[0m [32mDEBUG[0m default already started
1575404091674500 [35mtrezor.wire[0m [32mDEBUG[0m 0:0 write: <DebugMoneroDiagAck>
1575404091685110 [35mtrezor.wire[0m [32mDEBUG[0m 0:0 receive: <class 'DebugMoneroDiagRequest'>
1575404092026072 [35mtrezor.workflow[0m [32mDEBUG[0m start: <generator object 'diag' at 10291f780>
1575404092026113 [35mapps.monero.diag[0m [32mDEBUG[0m ----diagnostics
1575404092037267 [35mapps.monero.diag[0m [32mDEBUG[0m ======= 0  Diff: -72096 Free: 20333248 Allocated: 395328
mem: total=8001047, current=2362707, peak=2534122
stack: 2320 out of 120000
GC: total: 20728576, used: 396160, free: 20332416
 No. of 1-blocks: 3071, 2-blocks: 757, max blk sz: 321, max free sz: 626635
1575404092089778 [35mapps.monero.diag[0m [32mDEBUG[0m ======= 1 BP Imported Diff: 69952 Free: 20263296 Allocated: 465280
mem: total=8457920, current=2448132, peak=2724765
stack: 2320 out of 120000
GC: total: 20728576, used: 466208, free: 20262368
 No. of 1-blocks: 3651, 2-blocks: 1007, max blk sz: 321, max free sz: 623723
1575404092102280 [35mapps.monero.diag[0m [32mDEBUG[0m ======= 2 Crypto Imported Diff: 0 Free: 20263296 Allocated: 465280
mem: total=8458912, current=2448892, peak=2724765
stack: 2320 out of 120000
GC: total: 20728576, used: 466208, free: 20262368
 No. of 1-blocks: 3651, 2-blocks: 1007, max blk sz: 321, max free sz: 623723
1575404092116306 [35mapps.monero.diag[0m [32mDEBUG[0m ======= 3 +++BP START: 1; 2 Diff: 96 Free: 20263200 Allocated: 465376
mem: total=8460024, current=2449756, peak=2724765
stack: 2320 out of 120000
GC: total: 20728576, used: 466400, free: 20262176
 No. of 1-blocks: 3656, 2-blocks: 1007, max blk sz: 321, max free sz: 623723
1575404092130195 [35mapps.monero.diag[0m [32mDEBUG[0m Log trace BP START, ... F: 20263424 A: 465152, S: 2416
phase2_loop_fold, state: 5, off: 0, round: 1, nprime: 16, btch: 32
1575404092138072 [35mapps.monero.diag[0m [32mDEBUG[0m Log trace 2, ... F: 20262880 A: 465696, S: 3712
1575404092147855 [35mapps.monero.diag[0m [32mDEBUG[0m Log trace 5, ... F: 20272384 A: 456192, S: 3712
1575404092160750 [35mapps.monero.diag[0m [32mDEBUG[0m Log trace 10, ... F: 20271520 A: 457056, S: 3712
1575404092169397 [35mapps.monero.diag[0m [32mDEBUG[0m Log trace 12, ... F: 20270944 A: 457632, S: 3712
1575404092182594 [35mapps.monero.diag[0m [32mDEBUG[0m Log trace 15, ... F: 20271232 A: 457344, S: 3712
Moved to state 6, npr 16
!!!!!!!!!!!!!!!!Dump finished:  3668 : r:  10853
 .. round : 8
 .. l : 64
 .. r : 64
 .. R.current_idx : 8
 .. R.size : 8
 .. R.d : 224
 .. R.mv : 0
 .. R.const : 8
 .. R.cur : 64
 .. R.chunked : 8
 .. R : 544
 .. S : 64
 .. L.current_idx : 8
 .. L.size : 8
 .. L.d : 224
 .. L.mv : 0
 .. L.const : 8
 .. L.cur : 64
 .. L.chunked : 8
 .. L : 544
 .. A : 64
 .. V.current_idx : 8
 .. V.size : 8
 .. V.d : 64
 .. V.mv : 0
 .. V.const : 8
 .. V.cur : 64
 .. V.chunked : 8
 .. V : 384
 .. M : 8
 .. x : 64
 .. t : 64
 .. y : 64
 .. gamma[0, <class 'bytes'>] : 64
 .. gamma : 128
 .. off_method : 8
 .. nprime_thresh : 8
 .. off2_thresh : 8
 .. batching : 8
 .. T1 : 64
 .. T2 : 64
 .. taux : 64
 .. mu : 64
 .. z : 64
 .. hash_cache : 64
 .. proof_sec : 64
 .. MN : 8
 .. logMN : 8
 .. x_ip : 64
 .. nprime : 8
 .. Xprime[0, <class 'KeyV'>].current_idx : 8
 .. Xprime[0, <class 'KeyV'>].size : 8
 .. Xprime[0, <class 'KeyV'>].d : 544
 .. Xprime[0, <class 'KeyV'>].mv : 0
 .. Xprime[0, <class 'KeyV'>].const : 8
 .. Xprime[0, <class 'KeyV'>].cur : 64
 .. Xprime[0, <class 'KeyV'>].chunked : 8
 .. Xprime[0, <class 'KeyV'>] : 864
 .. Xprime[1, <class 'KeyV'>].current_idx : 8
 .. Xprime[1, <class 'KeyV'>].size : 8
 .. Xprime[1, <class 'KeyV'>].d : 544
 .. Xprime[1, <class 'KeyV'>].mv : 0
 .. Xprime[1, <class 'KeyV'>].const : 8
 .. Xprime[1, <class 'KeyV'>].cur : 64
 .. Xprime[1, <class 'KeyV'>].chunked : 8
 .. Xprime[1, <class 'KeyV'>] : 864
 .. Xprime[2, <class 'KeyV'>].current_idx : 8
 .. Xprime[2, <class 'KeyV'>].size : 8
 .. Xprime[2, <class 'KeyV'>].d : 544
 .. Xprime[2, <class 'KeyV'>].mv : 0
 .. Xprime[2, <class 'KeyV'>].const : 8
 .. Xprime[2, <class 'KeyV'>].cur : 64
 .. Xprime[2, <class 'KeyV'>].chunked : 8
 .. Xprime[2, <class 'KeyV'>] : 864
 .. Xprime : 2656
 .. w_round : 64
 .. winv : 64
 .. tmp_k_1 : 64
 .. offstate : 8
 .. offpos : 8
 .. blinds[0, <class 'list'>][0, <class 'Sc25519'>] : 48
 .. blinds[0, <class 'list'>][1, <class 'Sc25519'>] : 48
 .. blinds[0, <class 'list'>][2, <class 'Sc25519'>] : 48
 .. blinds[0, <class 'list'>][3, <class 'Sc25519'>] : 48
 .. blinds[0, <class 'list'>][4, <class 'Sc25519'>] : 48
 .. blinds[0, <class 'list'>][5, <class 'Sc25519'>] : 48
 .. blinds[0, <class 'list'>][6, <class 'Sc25519'>] : 48
 .. blinds[0, <class 'list'>][7, <class 'Sc25519'>] : 48
 .. blinds[0, <class 'list'>] : 480
 .. blinds[1, <class 'list'>][0, <class 'Sc25519'>] : 48
 .. blinds[1, <class 'list'>][1, <class 'Sc25519'>] : 48
 .. blinds[1, <class 'list'>][2, <class 'Sc25519'>] : 48
 .. blinds[1, <class 'list'>][3, <class 'Sc25519'>] : 48
 .. blinds[1, <class 'list'>][4, <class 'Sc25519'>] : 48
 .. blinds[1, <class 'list'>][5, <class 'Sc25519'>] : 48
 .. blinds[1, <class 'list'>][6, <class 'Sc25519'>] : 48
 .. blinds[1, <class 'list'>][7, <class 'Sc25519'>] : 48
 .. blinds[1, <class 'list'>] : 480
 .. blinds : 1024
 .. use_det_masks : 8
 .. Gprec.current_idx : 8
 .. Gprec.size : 8
 .. Gprec.mv : 32
 .. Gprec.const : 8
 .. Gprec.cur : 64
 .. Gprec.chunked : 8
 .. Gprec : 352
 .. Hprec.current_idx : 8
 .. Hprec.size : 8
 .. Hprec.mv : 32
 .. Hprec.const : 8
 .. Hprec.cur : 64
 .. Hprec.chunked : 8
 .. Hprec : 352
 .. twoN.current_idx : 8
 .. twoN.size : 8
 .. twoN.mv : 32
 .. twoN.const : 8
 .. twoN.cur : 64
 .. twoN.chunked : 8
 .. twoN : 352
 .. tmp_sc_1 : 48
 .. tmp_det_buff : 101
 .. do_blind : 8
 .. offload : 8
1575404092201327 [35mapps.monero.diag[0m [32mDEBUG[0m Log trace BP STEP, ... F: 20272416 A: 456160, S: 2416
1575404092209911 [35mapps.monero.diag[0m [32mDEBUG[0m ======= 4 +++BP STEP Diff: -9056 Free: 20272256 Allocated: 456320
mem: total=8592441, current=2522733, peak=2724765
stack: 2320 out of 120000
GC: total: 20728576, used: 457248, free: 20271328
 No. of 1-blocks: 3558, 2-blocks: 973, max blk sz: 321, max free sz: 623723
1575404092216009 [35mtrezor.workflow[0m [32mDEBUG[0m close: <generator object 'diag' at 10291f780>
1575404092216064 [35mtrezor.workflow[0m [32mDEBUG[0m default already started
1575404092216123 [35mtrezor.wire[0m [32mDEBUG[0m 0:0 write: <DebugMoneroDiagAck>
1575404092223113 [35mtrezor.wire[0m [32mDEBUG[0m 0:0 receive: <class 'DebugMoneroDiagRequest'>
1575404092565365 [35mtrezor.workflow[0m [32mDEBUG[0m start: <generator object 'diag' at 10291fb20>
1575404092565412 [35mapps.monero.diag[0m [32mDEBUG[0m ----diagnostics
1575404092576464 [35mapps.monero.diag[0m [32mDEBUG[0m ======= 0  Diff: -72096 Free: 20332448 Allocated: 396128
mem: total=8685274, current=2556830, peak=2724765
stack: 2320 out of 120000
GC: total: 20728576, used: 396960, free: 20331616
 No. of 1-blocks: 3076, 2-blocks: 757, max blk sz: 321, max free sz: 626635
1575404092628293 [35mapps.monero.diag[0m [32mDEBUG[0m ======= 1 BP Imported Diff: 69952 Free: 20262496 Allocated: 466080
mem: total=9142147, current=2642255, peak=2918920
stack: 2320 out of 120000
GC: total: 20728576, used: 467008, free: 20261568
 No. of 1-blocks: 3656, 2-blocks: 1007, max blk sz: 321, max free sz: 623700
1575404092640570 [35mapps.monero.diag[0m [32mDEBUG[0m ======= 2 Crypto Imported Diff: 0 Free: 20262496 Allocated: 466080
mem: total=9143139, current=2643015, peak=2918920
stack: 2320 out of 120000
GC: total: 20728576, used: 467008, free: 20261568
 No. of 1-blocks: 3656, 2-blocks: 1007, max blk sz: 321, max free sz: 623700
1575404092652834 [35mapps.monero.diag[0m [32mDEBUG[0m ======= 3 +++BP START: 1; 2 Diff: 96 Free: 20262400 Allocated: 466176
mem: total=9144251, current=2643879, peak=2918920
stack: 2320 out of 120000
GC: total: 20728576, used: 467200, free: 20261376
 No. of 1-blocks: 3661, 2-blocks: 1007, max blk sz: 321, max free sz: 623700
1575404092665547 [35mapps.monero.diag[0m [32mDEBUG[0m Log trace BP START, ... F: 20262624 A: 465952, S: 2416
phase2_loop_fold, state: 6, off: 0, round: 1, nprime: 16, btch: 32
1575404092672811 [35mapps.monero.diag[0m [32mDEBUG[0m Log trace 2, ... F: 20262080 A: 466496, S: 3712
1575404092680245 [35mapps.monero.diag[0m [32mDEBUG[0m Log trace 5, ... F: 20271584 A: 456992, S: 3712
1575404092689447 [35mapps.monero.diag[0m [32mDEBUG[0m Log trace 10, ... F: 20270720 A: 457856, S: 3712
1575404092697494 [35mapps.monero.diag[0m [32mDEBUG[0m Log trace 12, ... F: 20270208 A: 458368, S: 3712
1575404092706787 [35mapps.monero.diag[0m [32mDEBUG[0m Log trace 15, ... F: 20270432 A: 458144, S: 3712
Moved to state 7, npr 16
1575404092714249 [35mapps.monero.diag[0m [32mDEBUG[0m Log trace 16, ... F: 20270304 A: 458272, S: 3712
Moved to state 10
!!!!!!!!!!!!!!!!Dump finished:  4232 : r:  12357
 .. round : 8
 .. l : 64
 .. r : 64
 .. R.current_idx : 8
 .. R.size : 8
 .. R.d : 224
 .. R.mv : 0
 .. R.const : 8
 .. R.cur : 64
 .. R.chunked : 8
 .. R : 544
 .. S : 64
 .. L.current_idx : 8
 .. L.size : 8
 .. L.d : 224
 .. L.mv : 0
 .. L.const : 8
 .. L.cur : 64
 .. L.chunked : 8
 .. L : 544
 .. A : 64
 .. V.current_idx : 8
 .. V.size : 8
 .. V.d : 64
 .. V.mv : 0
 .. V.const : 8
 .. V.cur : 64
 .. V.chunked : 8
 .. V : 384
 .. M : 8
 .. x : 64
 .. t : 64
 .. y : 64
 .. gamma[0, <class 'bytes'>] : 64
 .. gamma : 128
 .. off_method : 8
 .. nprime_thresh : 8
 .. off2_thresh : 8
 .. batching : 8
 .. T1 : 64
 .. T2 : 64
 .. taux : 64
 .. mu : 64
 .. z : 64
 .. hash_cache : 64
 .. proof_sec : 64
 .. MN : 8
 .. logMN : 8
 .. x_ip : 64
 .. nprime : 8
 .. Xprime[0, <class 'KeyV'>].current_idx : 8
 .. Xprime[0, <class 'KeyV'>].size : 8
 .. Xprime[0, <class 'KeyV'>].d : 544
 .. Xprime[0, <class 'KeyV'>].mv : 0
 .. Xprime[0, <class 'KeyV'>].const : 8
 .. Xprime[0, <class 'KeyV'>].cur : 64
 .. Xprime[0, <class 'KeyV'>].chunked : 8
 .. Xprime[0, <class 'KeyV'>] : 864
 .. Xprime[1, <class 'KeyV'>].current_idx : 8
 .. Xprime[1, <class 'KeyV'>].size : 8
 .. Xprime[1, <class 'KeyV'>].d : 544
 .. Xprime[1, <class 'KeyV'>].mv : 0
 .. Xprime[1, <class 'KeyV'>].const : 8
 .. Xprime[1, <class 'KeyV'>].cur : 64
 .. Xprime[1, <class 'KeyV'>].chunked : 8
 .. Xprime[1, <class 'KeyV'>] : 864
 .. Xprime[2, <class 'KeyV'>].current_idx : 8
 .. Xprime[2, <class 'KeyV'>].size : 8
 .. Xprime[2, <class 'KeyV'>].d : 544
 .. Xprime[2, <class 'KeyV'>].mv : 0
 .. Xprime[2, <class 'KeyV'>].const : 8
 .. Xprime[2, <class 'KeyV'>].cur : 64
 .. Xprime[2, <class 'KeyV'>].chunked : 8
 .. Xprime[2, <class 'KeyV'>] : 864
 .. Xprime[3, <class 'KeyV'>].current_idx : 8
 .. Xprime[3, <class 'KeyV'>].size : 8
 .. Xprime[3, <class 'KeyV'>].d : 544
 .. Xprime[3, <class 'KeyV'>].mv : 0
 .. Xprime[3, <class 'KeyV'>].const : 8
 .. Xprime[3, <class 'KeyV'>].cur : 64
 .. Xprime[3, <class 'KeyV'>].chunked : 8
 .. Xprime[3, <class 'KeyV'>] : 864
 .. Xprime : 3520
 .. w_round : 64
 .. winv : 64
 .. tmp_k_1 : 64
 .. offstate : 8
 .. offpos : 8
 .. blinds[0, <class 'list'>][0, <class 'Sc25519'>] : 48
 .. blinds[0, <class 'list'>][1, <class 'Sc25519'>] : 48
 .. blinds[0, <class 'list'>][2, <class 'Sc25519'>] : 48
 .. blinds[0, <class 'list'>][3, <class 'Sc25519'>] : 48
 .. blinds[0, <class 'list'>][4, <class 'Sc25519'>] : 48
 .. blinds[0, <class 'list'>][5, <class 'Sc25519'>] : 48
 .. blinds[0, <class 'list'>][6, <class 'Sc25519'>] : 48
 .. blinds[0, <class 'list'>][7, <class 'Sc25519'>] : 48
 .. blinds[0, <class 'list'>] : 480
 .. blinds[1, <class 'list'>][0, <class 'Sc25519'>] : 48
 .. blinds[1, <class 'list'>][1, <class 'Sc25519'>] : 48
 .. blinds[1, <class 'list'>][2, <class 'Sc25519'>] : 48
 .. blinds[1, <class 'list'>][3, <class 'Sc25519'>] : 48
 .. blinds[1, <class 'list'>][4, <class 'Sc25519'>] : 48
 .. blinds[1, <class 'list'>][5, <class 'Sc25519'>] : 48
 .. blinds[1, <class 'list'>][6, <class 'Sc25519'>] : 48
 .. blinds[1, <class 'list'>][7, <class 'Sc25519'>] : 48
 .. blinds[1, <class 'list'>] : 480
 .. blinds : 1024
 .. use_det_masks : 8
 .. Gprec.current_idx : 8
 .. Gprec.size : 8
 .. Gprec.mv : 32
 .. Gprec.const : 8
 .. Gprec.cur : 64
 .. Gprec.chunked : 8
 .. Gprec : 352
 .. Hprec.current_idx : 8
 .. Hprec.size : 8
 .. Hprec.mv : 32
 .. Hprec.const : 8
 .. Hprec.cur : 64
 .. Hprec.chunked : 8
 .. Hprec : 352
 .. twoN.current_idx : 8
 .. twoN.size : 8
 .. twoN.mv : 32
 .. twoN.const : 8
 .. twoN.cur : 64
 .. twoN.chunked : 8
 .. twoN : 352
 .. tmp_sc_1 : 48
 .. tmp_det_buff : 101
 .. do_blind : 8
 .. offload : 8
1575404092730381 [35mapps.monero.diag[0m [32mDEBUG[0m Log trace BP STEP, ... F: 20271616 A: 456960, S: 2416
1575404092737302 [35mapps.monero.diag[0m [32mDEBUG[0m ======= 4 +++BP STEP Diff: -9056 Free: 20271456 Allocated: 457120
mem: total=9284463, current=2721651, peak=2918920
stack: 2320 out of 120000
GC: total: 20728576, used: 458048, free: 20270528
 No. of 1-blocks: 3563, 2-blocks: 973, max blk sz: 321, max free sz: 623700
1575404092741876 [35mtrezor.workflow[0m [32mDEBUG[0m close: <generator object 'diag' at 10291fb20>
1575404092741903 [35mtrezor.workflow[0m [32mDEBUG[0m default already started
1575404092741946 [35mtrezor.wire[0m [32mDEBUG[0m 0:0 write: <DebugMoneroDiagAck>
1575404092750864 [35mtrezor.wire[0m [32mDEBUG[0m 0:0 receive: <class 'DebugMoneroDiagRequest'>
1575404092757834 [35mtrezor.workflow[0m [32mDEBUG[0m start: <generator object 'diag' at 10291e940>
1575404092757860 [35mapps.monero.diag[0m [32mDEBUG[0m ----diagnostics
1575404092768903 [35mapps.monero.diag[0m [32mDEBUG[0m ======= 0  Diff: -73696 Free: 20333280 Allocated: 395296
mem: total=9359418, current=2742542, peak=2918920
stack: 2320 out of 120000
GC: total: 20728576, used: 396128, free: 20332448
 No. of 1-blocks: 3080, 2-blocks: 756, max blk sz: 321, max free sz: 626635
1575404092824504 [35mapps.monero.diag[0m [32mDEBUG[0m ======= 1 BP Imported Diff: 69952 Free: 20263328 Allocated: 465248
mem: total=9816211, current=2827967, peak=3104520
stack: 2320 out of 120000
GC: total: 20728576, used: 466176, free: 20262400
 No. of 1-blocks: 3660, 2-blocks: 1006, max blk sz: 321, max free sz: 623728
1575404092838004 [35mapps.monero.diag[0m [32mDEBUG[0m ======= 2 Crypto Imported Diff: 0 Free: 20263328 Allocated: 465248
mem: total=9817203, current=2828727, peak=3104520
stack: 2320 out of 120000
GC: total: 20728576, used: 466176, free: 20262400
 No. of 1-blocks: 3660, 2-blocks: 1006, max blk sz: 321, max free sz: 623728
1575404092850332 [35mapps.monero.diag[0m [32mDEBUG[0m ======= 3 +++BP START: 1; 2 Diff: 96 Free: 20263232 Allocated: 465344
mem: total=9818315, current=2829591, peak=3104520
stack: 2320 out of 120000
GC: total: 20728576, used: 466368, free: 20262208
 No. of 1-blocks: 3665, 2-blocks: 1006, max blk sz: 321, max free sz: 623728
1575404092862921 [35mapps.monero.diag[0m [32mDEBUG[0m Log trace BP START, ... F: 20263456 A: 465120, S: 2416
_phase2_loop_body, state: 10, off: 0
wloop: M: 1, r: 2, nprime: 8
1575404092870284 [35mapps.monero.diag[0m [32mDEBUG[0m Log trace 22, ... F: 20262624 A: 465952, S: 4096
1575404092882502 [35mapps.monero.diag[0m [32mDEBUG[0m Log trace 23, ... F: 20272896 A: 455680, S: 4096
1575404092893447 [35mapps.monero.diag[0m [32mDEBUG[0m Log trace 24, ... F: 20272704 A: 455872, S: 4096
1575404092904665 [35mapps.monero.diag[0m [32mDEBUG[0m Log trace 25, ... F: 20272704 A: 455872, S: 4096
1575404092912403 [35mapps.monero.diag[0m [32mDEBUG[0m Log trace 26, ... F: 20273024 A: 455552, S: 4096
1575404092924742 [35mapps.monero.diag[0m [32mDEBUG[0m Log trace 27, ... F: 20272736 A: 455840, S: 4096
1575404092938214 [35mapps.monero.diag[0m [32mDEBUG[0m Log trace 28, ... F: 20272992 A: 455584, S: 4096
1575404092951890 [35mapps.monero.diag[0m [32mDEBUG[0m Log trace 30, ... F: 20273248 A: 455328, S: 4096
1575404092965469 [35mapps.monero.diag[0m [32mDEBUG[0m Log trace 31, ... F: 20273504 A: 455072, S: 4096
_phase2_loop_body, state: 10, off: 0
wloop: M: 1, r: 3, nprime: 4
1575404092972771 [35mapps.monero.diag[0m [32mDEBUG[0m Log trace 22, ... F: 20273760 A: 454816, S: 4096
1575404092986066 [35mapps.monero.diag[0m [32mDEBUG[0m Log trace 23, ... F: 20273920 A: 454656, S: 4096
1575404092997002 [35mapps.monero.diag[0m [32mDEBUG[0m Log trace 24, ... F: 20273728 A: 454848, S: 4096
1575404093007285 [35mapps.monero.diag[0m [32mDEBUG[0m Log trace 25, ... F: 20273728 A: 454848, S: 4096
1575404093015511 [35mapps.monero.diag[0m [32mDEBUG[0m Log trace 26, ... F: 20274048 A: 454528, S: 4096
1575404093033743 [35mapps.monero.diag[0m [32mDEBUG[0m Log trace 27, ... F: 20273888 A: 454688, S: 4096
1575404093047156 [35mapps.monero.diag[0m [32mDEBUG[0m Log trace 28, ... F: 20274016 A: 454560, S: 4096
1575404093059561 [35mapps.monero.diag[0m [32mDEBUG[0m Log trace 30, ... F: 20274144 A: 454432, S: 4096
1575404093072647 [35mapps.monero.diag[0m [32mDEBUG[0m Log trace 31, ... F: 20274272 A: 454304, S: 4096
_phase2_loop_body, state: 10, off: 0
wloop: M: 1, r: 4, nprime: 2
1575404093080217 [35mapps.monero.diag[0m [32mDEBUG[0m Log trace 22, ... F: 20274272 A: 454304, S: 4096
1575404093091850 [35mapps.monero.diag[0m [32mDEBUG[0m Log trace 23, ... F: 20274432 A: 454144, S: 4096
1575404093102751 [35mapps.monero.diag[0m [32mDEBUG[0m Log trace 24, ... F: 20274240 A: 454336, S: 4096
1575404093113202 [35mapps.monero.diag[0m [32mDEBUG[0m Log trace 25, ... F: 20274240 A: 454336, S: 4096
1575404093120520 [35mapps.monero.diag[0m [32mDEBUG[0m Log trace 26, ... F: 20274560 A: 454016, S: 4096
1575404093133387 [35mapps.monero.diag[0m [32mDEBUG[0m Log trace 27, ... F: 20274464 A: 454112, S: 4096
1575404093146122 [35mapps.monero.diag[0m [32mDEBUG[0m Log trace 28, ... F: 20274528 A: 454048, S: 4096
1575404093159571 [35mapps.monero.diag[0m [32mDEBUG[0m Log trace 30, ... F: 20274592 A: 453984, S: 4096
1575404093172614 [35mapps.monero.diag[0m [32mDEBUG[0m Log trace 31, ... F: 20274656 A: 453920, S: 4096
_phase2_loop_body, state: 10, off: 0
wloop: M: 1, r: 5, nprime: 1
1575404093180336 [35mapps.monero.diag[0m [32mDEBUG[0m Log trace 22, ... F: 20274528 A: 454048, S: 4096
1575404093192035 [35mapps.monero.diag[0m [32mDEBUG[0m Log trace 23, ... F: 20274688 A: 453888, S: 4096
1575404093202526 [35mapps.monero.diag[0m [32mDEBUG[0m Log trace 24, ... F: 20274496 A: 454080, S: 4096
1575404093212709 [35mapps.monero.diag[0m [32mDEBUG[0m Log trace 25, ... F: 20274496 A: 454080, S: 4096
1575404093219898 [35mapps.monero.diag[0m [32mDEBUG[0m Log trace 26, ... F: 20274816 A: 453760, S: 4096
1575404093232181 [35mapps.monero.diag[0m [32mDEBUG[0m Log trace 27, ... F: 20274752 A: 453824, S: 4096
1575404093243775 [35mapps.monero.diag[0m [32mDEBUG[0m Log trace 28, ... F: 20274784 A: 453792, S: 4096
1575404093256723 [35mapps.monero.diag[0m [32mDEBUG[0m Log trace 30, ... F: 20274816 A: 453760, S: 4096
1575404093269733 [35mapps.monero.diag[0m [32mDEBUG[0m Log trace 31, ... F: 20274848 A: 453728, S: 4096
!!!!!!!!!!!!!!!!Dump finished:  2472 : r:  8581
 .. round : 8
 .. b : 64
 .. l : 64
 .. r : 64
 .. R.current_idx : 8
 .. R.size : 8
 .. R.d : 224
 .. R.mv : 0
 .. R.const : 8
 .. R.cur : 64
 .. R.chunked : 8
 .. R : 544
 .. S : 64
 .. L.current_idx : 8
 .. L.size : 8
 .. L.d : 224
 .. L.mv : 0
 .. L.const : 8
 .. L.cur : 64
 .. L.chunked : 8
 .. L : 544
 .. A : 64
 .. V.current_idx : 8
 .. V.size : 8
 .. V.d : 64
 .. V.mv : 0
 .. V.const : 8
 .. V.cur : 64
 .. V.chunked : 8
 .. V : 384
 .. M : 8
 .. x : 64
 .. a : 64
 .. t : 64
 .. y : 64
 .. tmp : 64
 .. gamma[0, <class 'bytes'>] : 64
 .. gamma : 128
 .. off_method : 8
 .. nprime_thresh : 8
 .. off2_thresh : 8
 .. batching : 8
 .. T1 : 64
 .. T2 : 64
 .. taux : 64
 .. mu : 64
 .. z : 64
 .. hash_cache : 64
 .. proof_sec : 64
 .. MN : 8
 .. logMN : 8
 .. x_ip : 64
 .. nprime : 8
 .. Xprime[0, <class 'KeyV'>].current_idx : 8
 .. Xprime[0, <class 'KeyV'>].size : 8
 .. Xprime[0, <class 'KeyV'>].d : 64
 .. Xprime[0, <class 'KeyV'>].mv : 0
 .. Xprime[0, <class 'KeyV'>].const : 8
 .. Xprime[0, <class 'KeyV'>].cur : 64
 .. Xprime[0, <class 'KeyV'>].chunked : 8
 .. Xprime[0, <class 'KeyV'>] : 384
 .. Xprime[1, <class 'KeyV'>].current_idx : 8
 .. Xprime[1, <class 'KeyV'>].size : 8
 .. Xprime[1, <class 'KeyV'>].d : 64
 .. Xprime[1, <class 'KeyV'>].mv : 0
 .. Xprime[1, <class 'KeyV'>].const : 8
 .. Xprime[1, <class 'KeyV'>].cur : 64
 .. Xprime[1, <class 'KeyV'>].chunked : 8
 .. Xprime[1, <class 'KeyV'>] : 384
 .. Xprime[2, <class 'KeyV'>].current_idx : 8
 .. Xprime[2, <class 'KeyV'>].size : 8
 .. Xprime[2, <class 'KeyV'>].d : 64
 .. Xprime[2, <class 'KeyV'>].mv : 0
 .. Xprime[2, <class 'KeyV'>].const : 8
 .. Xprime[2, <class 'KeyV'>].chunked : 8
 .. Xprime[2, <class 'KeyV'>] : 320
 .. Xprime[3, <class 'KeyV'>].current_idx : 8
 .. Xprime[3, <class 'KeyV'>].size : 8
 .. Xprime[3, <class 'KeyV'>].d : 64
 .. Xprime[3, <class 'KeyV'>].mv : 0
 .. Xprime[3, <class 'KeyV'>].const : 8
 .. Xprime[3, <class 'KeyV'>].chunked : 8
 .. Xprime[3, <class 'KeyV'>] : 320
 .. Xprime : 1472
 .. w_round : 64
 .. winv : 64
 .. cL : 64
 .. cR : 64
 .. tmp_k_1 : 64
 .. offstate : 8
 .. offpos : 8
 .. blinds[0, <class 'list'>][0, <class 'Sc25519'>] : 48
 .. blinds[0, <class 'list'>][1, <class 'Sc25519'>] : 48
 .. blinds[0, <class 'list'>][2, <class 'Sc25519'>] : 48
 .. blinds[0, <class 'list'>][3, <class 'Sc25519'>] : 48
 .. blinds[0, <class 'list'>][4, <class 'Sc25519'>] : 48
 .. blinds[0, <class 'list'>][5, <class 'Sc25519'>] : 48
 .. blinds[0, <class 'list'>][6, <class 'Sc25519'>] : 48
 .. blinds[0, <class 'list'>][7, <class 'Sc25519'>] : 48
 .. blinds[0, <class 'list'>] : 480
 .. blinds[1, <class 'list'>][0, <class 'Sc25519'>] : 48
 .. blinds[1, <class 'list'>][1, <class 'Sc25519'>] : 48
 .. blinds[1, <class 'list'>][2, <class 'Sc25519'>] : 48
 .. blinds[1, <class 'list'>][3, <class 'Sc25519'>] : 48
 .. blinds[1, <class 'list'>][4, <class 'Sc25519'>] : 48
 .. blinds[1, <class 'list'>][5, <class 'Sc25519'>] : 48
 .. blinds[1, <class 'list'>][6, <class 'Sc25519'>] : 48
 .. blinds[1, <class 'list'>][7, <class 'Sc25519'>] : 48
 .. blinds[1, <class 'list'>] : 480
 .. blinds : 1024
 .. use_det_masks : 8
 .. Gprec.current_idx : 8
 .. Gprec.size : 8
 .. Gprec.mv : 32
 .. Gprec.const : 8
 .. Gprec.cur : 64
 .. Gprec.chunked : 8
 .. Gprec : 352
 .. Hprec.current_idx : 8
 .. Hprec.size : 8
 .. Hprec.mv : 32
 .. Hprec.const : 8
 .. Hprec.cur : 64
 .. Hprec.chunked : 8
 .. Hprec : 352
 .. twoN.current_idx : 8
 .. twoN.size : 8
 .. twoN.mv : 32
 .. twoN.const : 8
 .. twoN.cur : 64
 .. twoN.chunked : 8
 .. twoN : 352
 .. tmp_sc_1 : 48
 .. tmp_det_buff : 101
 .. do_blind : 8
 .. offload : 8
1575404093288787 [35mapps.monero.diag[0m [32mDEBUG[0m Log trace BP STEP, ... F: 20264704 A: 463872, S: 2416
1575404093296195 [35mapps.monero.diag[0m [32mDEBUG[0m ======= 4 +++BP STEP Diff: -1312 Free: 20264544 Allocated: 464032
mem: total=10052351, current=2948135, peak=3104520
stack: 2320 out of 120000
GC: total: 20728576, used: 464960, free: 20263616
 No. of 1-blocks: 3672, 2-blocks: 990, max blk sz: 321, max free sz: 623728
1575404093303124 [35mtrezor.workflow[0m [32mDEBUG[0m close: <generator object 'diag' at 10291e940>
1575404093303151 [35mtrezor.workflow[0m [32mDEBUG[0m default already started
1575404093303180 [35mtrezor.wire[0m [32mDEBUG[0m 0:0 write: <DebugMoneroDiagAck>
